Flow report for run_one_led
Tue Oct 04 17:52:01 2016
Quartus II 64-Bit Version 15.0.0 Build 145 04/22/2015 SJ Full Version


---------------------
; Table of Contents ;
---------------------
  1. Legal Notice
  2. Flow Summary
  3. Flow Settings
  4. Flow Non-Default Global Settings
  5. Flow Elapsed Time
  6. Flow OS Summary
  7. Flow Log
  8. Flow Messages
  9. Flow Suppressed Messages



----------------
; Legal Notice ;
----------------
Copyright (C) 1991-2015 Altera Corporation. All rights reserved.
Your use of Altera Corporation's design tools, logic functions 
and other software and tools, and its AMPP partner logic 
functions, and any output files from any of the foregoing 
(including device programming or simulation files), and any 
associated documentation or information are expressly subject 
to the terms and conditions of the Altera Program License 
Subscription Agreement, the Altera Quartus II License Agreement,
the Altera MegaCore Function License Agreement, or other 
applicable license agreement, including, without limitation, 
that your use is for the sole purpose of programming logic 
devices manufactured by Altera and sold by Altera or its 
authorized distributors.  Please refer to the applicable 
agreement for further details.



+----------------------------------------------------------------------------------+
; Flow Summary                                                                     ;
+------------------------------------+---------------------------------------------+
; Flow Status                        ; Successful - Tue Oct 04 17:52:01 2016       ;
; Quartus II 64-Bit Version          ; 15.0.0 Build 145 04/22/2015 SJ Full Version ;
; Revision Name                      ; run_one_led                                 ;
; Top-level Entity Name              ; run_one_led                                 ;
; Family                             ; Cyclone IV E                                ;
; Device                             ; EP4CE6F17C8                                 ;
; Timing Models                      ; Final                                       ;
; Total logic elements               ; 46 / 6,272 ( < 1 % )                        ;
;     Total combinational functions  ; 44 / 6,272 ( < 1 % )                        ;
;     Dedicated logic registers      ; 33 / 6,272 ( < 1 % )                        ;
; Total registers                    ; 33                                          ;
; Total pins                         ; 2 / 180 ( 1 % )                             ;
; Total virtual pins                 ; 0                                           ;
; Total memory bits                  ; 0 / 276,480 ( 0 % )                         ;
; Embedded Multiplier 9-bit elements ; 0 / 30 ( 0 % )                              ;
; Total PLLs                         ; 0 / 2 ( 0 % )                               ;
+------------------------------------+---------------------------------------------+


+-----------------------------------------+
; Flow Settings                           ;
+-------------------+---------------------+
; Option            ; Setting             ;
+-------------------+---------------------+
; Start date & time ; 10/04/2016 17:51:19 ;
; Main task         ; Compilation         ;
; Revision Name     ; run_one_led         ;
+-------------------+---------------------+


+----------------------------------------------------------------------------------------------------------------------------------+
; Flow Non-Default Global Settings                                                                                                 ;
+--------------------------------------+---------------------------------------+---------------+-------------+---------------------+
; Assignment Name                      ; Value                                 ; Default Value ; Entity Name ; Section Id          ;
+--------------------------------------+---------------------------------------+---------------+-------------+---------------------+
; COMPILER_SIGNATURE_ID                ; 44883549107382.147557467904092        ; --            ; --          ; --                  ;
; EDA_DESIGN_INSTANCE_NAME             ; NA                                    ; --            ; --          ; run_one_led_vlg_tst ;
; EDA_NATIVELINK_SIMULATION_TEST_BENCH ; run_one_led_vlg_tst                   ; --            ; --          ; eda_simulation      ;
; EDA_OUTPUT_DATA_FORMAT               ; Verilog Hdl                           ; --            ; --          ; eda_simulation      ;
; EDA_SIMULATION_TOOL                  ; ModelSim (Verilog)                    ; <None>        ; --          ; --                  ;
; EDA_TEST_BENCH_ENABLE_STATUS         ; TEST_BENCH_MODE                       ; --            ; --          ; eda_simulation      ;
; EDA_TEST_BENCH_FILE                  ; simulation/modelsim/run_one_led.vt    ; --            ; --          ; run_one_led_vlg_tst ;
; EDA_TEST_BENCH_MODULE_NAME           ; run_one_led_vlg_tst                   ; --            ; --          ; run_one_led_vlg_tst ;
; EDA_TEST_BENCH_NAME                  ; run_one_led_vlg_tst                   ; --            ; --          ; eda_simulation      ;
; EDA_TEST_BENCH_RUN_SIM_FOR           ; 1 s                                   ; --            ; --          ; run_one_led_vlg_tst ;
; EDA_TIME_SCALE                       ; 1 ps                                  ; --            ; --          ; eda_simulation      ;
; MAX_CORE_JUNCTION_TEMP               ; 85                                    ; --            ; --          ; --                  ;
; MIN_CORE_JUNCTION_TEMP               ; 0                                     ; --            ; --          ; --                  ;
; OUTPUT_IO_TIMING_FAR_END_VMEAS       ; Half Signal Swing                     ; --            ; --          ; --                  ;
; OUTPUT_IO_TIMING_FAR_END_VMEAS       ; Half Signal Swing                     ; --            ; --          ; --                  ;
; OUTPUT_IO_TIMING_NEAR_END_VMEAS      ; Half Vccio                            ; --            ; --          ; --                  ;
; OUTPUT_IO_TIMING_NEAR_END_VMEAS      ; Half Vccio                            ; --            ; --          ; --                  ;
; PARTITION_COLOR                      ; 16764057                              ; --            ; --          ; Top                 ;
; PARTITION_FITTER_PRESERVATION_LEVEL  ; PLACEMENT_AND_ROUTING                 ; --            ; --          ; Top                 ;
; PARTITION_NETLIST_TYPE               ; SOURCE                                ; --            ; --          ; Top                 ;
; POWER_BOARD_THERMAL_MODEL            ; None (CONSERVATIVE)                   ; --            ; --          ; --                  ;
; POWER_PRESET_COOLING_SOLUTION        ; 23 MM HEAT SINK WITH 200 LFPM AIRFLOW ; --            ; --          ; --                  ;
; PROJECT_OUTPUT_DIRECTORY             ; output_files                          ; --            ; --          ; --                  ;
+--------------------------------------+---------------------------------------+---------------+-------------+---------------------+


+-------------------------------------------------------------------------------------------------------------------------------+
; Flow Elapsed Time                                                                                                             ;
+---------------------------+--------------+-------------------------+---------------------+------------------------------------+
; Module Name               ; Elapsed Time ; Average Processors Used ; Peak Virtual Memory ; Total CPU Time (on all processors) ;
+---------------------------+--------------+-------------------------+---------------------+------------------------------------+
; Analysis & Synthesis      ; 00:00:20     ; 1.0                     ; 692 MB              ; 00:00:43                           ;
; Fitter                    ; 00:00:07     ; 1.0                     ; 1242 MB             ; 00:00:07                           ;
; Assembler                 ; 00:00:01     ; 1.0                     ; 634 MB              ; 00:00:02                           ;
; TimeQuest Timing Analyzer ; 00:00:03     ; 1.5                     ; 713 MB              ; 00:00:03                           ;
; EDA Netlist Writer        ; 00:00:01     ; 1.0                     ; 597 MB              ; 00:00:01                           ;
; Total                     ; 00:00:32     ; --                      ; --                  ; 00:00:56                           ;
+---------------------------+--------------+-------------------------+---------------------+------------------------------------+


+----------------------------------------------------------------------------------------+
; Flow OS Summary                                                                        ;
+---------------------------+------------------+-----------+------------+----------------+
; Module Name               ; Machine Hostname ; OS Name   ; OS Version ; Processor type ;
+---------------------------+------------------+-----------+------------+----------------+
; Analysis & Synthesis      ; idea-PC          ; Windows 7 ; 6.2        ; x86_64         ;
; Fitter                    ; idea-PC          ; Windows 7 ; 6.2        ; x86_64         ;
; Assembler                 ; idea-PC          ; Windows 7 ; 6.2        ; x86_64         ;
; TimeQuest Timing Analyzer ; idea-PC          ; Windows 7 ; 6.2        ; x86_64         ;
; EDA Netlist Writer        ; idea-PC          ; Windows 7 ; 6.2        ; x86_64         ;
+---------------------------+------------------+-----------+------------+----------------+


------------
; Flow Log ;
------------
quartus_map --read_settings_files=on --write_settings_files=off run_one_led -c run_one_led
quartus_fit --read_settings_files=off --write_settings_files=off run_one_led -c run_one_led
quartus_asm --read_settings_files=off --write_settings_files=off run_one_led -c run_one_led
quartus_sta run_one_led -c run_one_led
quartus_eda --read_settings_files=off --write_settings_files=off run_one_led -c run_one_led



