Flow report for DECODE_24
Mon Oct 03 19:38:45 2016
Quartus II 64-Bit Version 15.0.0 Build 145 04/22/2015 SJ Full Version


---------------------
; Table of Contents ;
---------------------
  1. Legal Notice
  2. Flow Summary
  3. Flow Settings
  4. Flow Non-Default Global Settings
  5. Flow Elapsed Time
  6. Flow OS Summary
  7. Flow Log
  8. Flow Messages
  9. Flow Suppressed Messages



----------------
; Legal Notice ;
----------------
Copyright (C) 1991-2015 Altera Corporation. All rights reserved.
Your use of Altera Corporation's design tools, logic functions 
and other software and tools, and its AMPP partner logic 
functions, and any output files from any of the foregoing 
(including device programming or simulation files), and any 
associated documentation or information are expressly subject 
to the terms and conditions of the Altera Program License 
Subscription Agreement, the Altera Quartus II License Agreement,
the Altera MegaCore Function License Agreement, or other 
applicable license agreement, including, without limitation, 
that your use is for the sole purpose of programming logic 
devices manufactured by Altera and sold by Altera or its 
authorized distributors.  Please refer to the applicable 
agreement for further details.



+----------------------------------------------------------------------------------+
; Flow Summary                                                                     ;
+------------------------------------+---------------------------------------------+
; Flow Status                        ; Successful - Mon Oct 03 19:38:45 2016       ;
; Quartus II 64-Bit Version          ; 15.0.0 Build 145 04/22/2015 SJ Full Version ;
; Revision Name                      ; DECODE_24                                   ;
; Top-level Entity Name              ; DECODE_24                                   ;
; Family                             ; Cyclone IV E                                ;
; Device                             ; EP4CE6F17C8                                 ;
; Timing Models                      ; Final                                       ;
; Total logic elements               ; 4 / 6,272 ( < 1 % )                         ;
;     Total combinational functions  ; 4 / 6,272 ( < 1 % )                         ;
;     Dedicated logic registers      ; 0 / 6,272 ( 0 % )                           ;
; Total registers                    ; 0                                           ;
; Total pins                         ; 6 / 180 ( 3 % )                             ;
; Total virtual pins                 ; 0                                           ;
; Total memory bits                  ; 0 / 276,480 ( 0 % )                         ;
; Embedded Multiplier 9-bit elements ; 0 / 30 ( 0 % )                              ;
; Total PLLs                         ; 0 / 2 ( 0 % )                               ;
+------------------------------------+---------------------------------------------+


+-----------------------------------------+
; Flow Settings                           ;
+-------------------+---------------------+
; Option            ; Setting             ;
+-------------------+---------------------+
; Start date & time ; 10/03/2016 16:47:05 ;
; Main task         ; Compilation         ;
; Revision Name     ; DECODE_24           ;
+-------------------+---------------------+


+----------------------------------------------------------------------------------------------------------------------------+
; Flow Non-Default Global Settings                                                                                           ;
+-------------------------------------+---------------------------------------+---------------+-------------+----------------+
; Assignment Name                     ; Value                                 ; Default Value ; Entity Name ; Section Id     ;
+-------------------------------------+---------------------------------------+---------------+-------------+----------------+
; COMPILER_SIGNATURE_ID               ; 44883549107382.147548442511612        ; --            ; --          ; --             ;
; EDA_OUTPUT_DATA_FORMAT              ; Verilog Hdl                           ; --            ; --          ; eda_simulation ;
; EDA_SIMULATION_TOOL                 ; ModelSim-Altera (Verilog)             ; <None>        ; --          ; --             ;
; MAX_CORE_JUNCTION_TEMP              ; 85                                    ; --            ; --          ; --             ;
; MIN_CORE_JUNCTION_TEMP              ; 0                                     ; --            ; --          ; --             ;
; OUTPUT_IO_TIMING_FAR_END_VMEAS      ; Half Signal Swing                     ; --            ; --          ; --             ;
; OUTPUT_IO_TIMING_FAR_END_VMEAS      ; Half Signal Swing                     ; --            ; --          ; --             ;
; OUTPUT_IO_TIMING_NEAR_END_VMEAS     ; Half Vccio                            ; --            ; --          ; --             ;
; OUTPUT_IO_TIMING_NEAR_END_VMEAS     ; Half Vccio                            ; --            ; --          ; --             ;
; PARTITION_COLOR                     ; 16764057                              ; --            ; --          ; Top            ;
; PARTITION_FITTER_PRESERVATION_LEVEL ; PLACEMENT_AND_ROUTING                 ; --            ; --          ; Top            ;
; PARTITION_NETLIST_TYPE              ; SOURCE                                ; --            ; --          ; Top            ;
; POWER_BOARD_THERMAL_MODEL           ; None (CONSERVATIVE)                   ; --            ; --          ; --             ;
; POWER_PRESET_COOLING_SOLUTION       ; 23 MM HEAT SINK WITH 200 LFPM AIRFLOW ; --            ; --          ; --             ;
; PROJECT_OUTPUT_DIRECTORY            ; output_files                          ; --            ; --          ; --             ;
+-------------------------------------+---------------------------------------+---------------+-------------+----------------+


+-------------------------------------------------------------------------------------------------------------------------------+
; Flow Elapsed Time                                                                                                             ;
+---------------------------+--------------+-------------------------+---------------------+------------------------------------+
; Module Name               ; Elapsed Time ; Average Processors Used ; Peak Virtual Memory ; Total CPU Time (on all processors) ;
+---------------------------+--------------+-------------------------+---------------------+------------------------------------+
; Analysis & Synthesis      ; 00:00:16     ; 1.0                     ; 686 MB              ; 00:00:37                           ;
; Fitter                    ; 00:00:04     ; 1.0                     ; 1239 MB             ; 00:00:04                           ;
; Assembler                 ; 00:00:01     ; 1.0                     ; 631 MB              ; 00:00:01                           ;
; TimeQuest Timing Analyzer ; 00:00:02     ; 1.0                     ; 712 MB              ; 00:00:02                           ;
; EDA Netlist Writer        ; 00:00:01     ; 1.0                     ; 594 MB              ; 00:00:01                           ;
; EDA Netlist Writer        ; 00:00:04     ; 1.0                     ; 588 MB              ; 00:00:01                           ;
; EDA Netlist Writer        ; 00:00:01     ; 1.0                     ; 588 MB              ; 00:00:01                           ;
; EDA Netlist Writer        ; 00:00:01     ; 1.0                     ; 588 MB              ; 00:00:01                           ;
; EDA Netlist Writer        ; 00:00:01     ; 1.0                     ; 588 MB              ; 00:00:01                           ;
; EDA Netlist Writer        ; 00:00:01     ; 1.0                     ; 591 MB              ; 00:00:01                           ;
; EDA Netlist Writer        ; 00:00:01     ; 1.0                     ; 587 MB              ; 00:00:01                           ;
; EDA Netlist Writer        ; 00:00:00     ; 1.0                     ; 591 MB              ; 00:00:01                           ;
; EDA Netlist Writer        ; 00:00:01     ; 1.0                     ; 587 MB              ; 00:00:01                           ;
; EDA Netlist Writer        ; 00:00:01     ; 1.0                     ; 591 MB              ; 00:00:01                           ;
; EDA Netlist Writer        ; 00:00:00     ; 1.0                     ; 588 MB              ; 00:00:01                           ;
; EDA Netlist Writer        ; 00:00:01     ; 1.0                     ; 588 MB              ; 00:00:01                           ;
; EDA Netlist Writer        ; 00:00:01     ; 1.0                     ; 591 MB              ; 00:00:01                           ;
; EDA Netlist Writer        ; 00:00:01     ; 1.0                     ; 588 MB              ; 00:00:01                           ;
; EDA Netlist Writer        ; 00:00:01     ; 1.0                     ; 595 MB              ; 00:00:01                           ;
; EDA Netlist Writer        ; 00:00:01     ; 1.0                     ; 588 MB              ; 00:00:01                           ;
; Total                     ; 00:00:40     ; --                      ; --                  ; 00:01:00                           ;
+---------------------------+--------------+-------------------------+---------------------+------------------------------------+


+----------------------------------------------------------------------------------------+
; Flow OS Summary                                                                        ;
+---------------------------+------------------+-----------+------------+----------------+
; Module Name               ; Machine Hostname ; OS Name   ; OS Version ; Processor type ;
+---------------------------+------------------+-----------+------------+----------------+
; Analysis & Synthesis      ; idea-PC          ; Windows 7 ; 6.2        ; x86_64         ;
; Fitter                    ; idea-PC          ; Windows 7 ; 6.2        ; x86_64         ;
; Assembler                 ; idea-PC          ; Windows 7 ; 6.2        ; x86_64         ;
; TimeQuest Timing Analyzer ; idea-PC          ; Windows 7 ; 6.2        ; x86_64         ;
; EDA Netlist Writer        ; idea-PC          ; Windows 7 ; 6.2        ; x86_64         ;
; EDA Netlist Writer        ; idea-PC          ; Windows 7 ; 6.2        ; x86_64         ;
; EDA Netlist Writer        ; idea-PC          ; Windows 7 ; 6.2        ; x86_64         ;
; EDA Netlist Writer        ; idea-PC          ; Windows 7 ; 6.2        ; x86_64         ;
; EDA Netlist Writer        ; idea-PC          ; Windows 7 ; 6.2        ; x86_64         ;
; EDA Netlist Writer        ; idea-PC          ; Windows 7 ; 6.2        ; x86_64         ;
; EDA Netlist Writer        ; idea-PC          ; Windows 7 ; 6.2        ; x86_64         ;
; EDA Netlist Writer        ; idea-PC          ; Windows 7 ; 6.2        ; x86_64         ;
; EDA Netlist Writer        ; idea-PC          ; Windows 7 ; 6.2        ; x86_64         ;
; EDA Netlist Writer        ; idea-PC          ; Windows 7 ; 6.2        ; x86_64         ;
; EDA Netlist Writer        ; idea-PC          ; Windows 7 ; 6.2        ; x86_64         ;
; EDA Netlist Writer        ; idea-PC          ; Windows 7 ; 6.2        ; x86_64         ;
; EDA Netlist Writer        ; idea-PC          ; Windows 7 ; 6.2        ; x86_64         ;
; EDA Netlist Writer        ; idea-PC          ; Windows 7 ; 6.2        ; x86_64         ;
; EDA Netlist Writer        ; idea-PC          ; Windows 7 ; 6.2        ; x86_64         ;
; EDA Netlist Writer        ; idea-PC          ; Windows 7 ; 6.2        ; x86_64         ;
+---------------------------+------------------+-----------+------------+----------------+


------------
; Flow Log ;
------------
quartus_map --read_settings_files=on --write_settings_files=off DECODE_24 -c DECODE_24
quartus_fit --read_settings_files=off --write_settings_files=off DECODE_24 -c DECODE_24
quartus_asm --read_settings_files=off --write_settings_files=off DECODE_24 -c DECODE_24
quartus_sta DECODE_24 -c DECODE_24
quartus_eda --read_settings_files=off --write_settings_files=off DECODE_24 -c DECODE_24
quartus_eda --gen_testbench --check_outputs=on --tool=modelsim_oem --format=verilog --write_settings_files=off DECODE_24 -c DECODE_24 --vector_source=E:/quartus_Project/DECODE_24/Waveform.vwf --testbench_file=E:/quartus_Project/DECODE_24/simulation/qsim/Waveform.vwf.vt
quartus_eda --gen_testbench --check_outputs=on --tool=modelsim_oem --format=verilog --write_settings_files=off DECODE_24 -c DECODE_24 --vector_source=E:/quartus_Project/DECODE_24/simulation/modesim_AE/Waveform.vwf --testbench_file=E:/quartus_Project/DECODE_24/simulation/modelsim/Waveform.vwf.vt
quartus_eda --gen_testbench --check_outputs=on --tool=modelsim_oem --format=verilog --write_settings_files=off DECODE_24 -c DECODE_24 --vector_source=E:/quartus_Project/DECODE_24/simulation/modelsim/Waveform.vwf --testbench_file=E:/quartus_Project/DECODE_24/simulation/modelsim/Waveform.vwf.vt
quartus_eda --gen_testbench --check_outputs=on --tool=modelsim_oem --format=verilog --write_settings_files=off DECODE_24 -c DECODE_24 --vector_source=E:/quartus_Project/DECODE_24/simulation/modelsim/Waveform.vwf --testbench_file=E:/quartus_Project/DECODE_24/simulation/qsim/Waveform.vwf.vt
quartus_eda --write_settings_files=off --functional=on --flatten_buses=off --simulation=on --tool=modelsim_oem --format=verilog --output_directory=E:/quartus_Project/DECODE_24/simulation/qsim/ DECODE_24 -c DECODE_24
quartus_eda --gen_testbench --check_outputs=on --tool=modelsim_oem --format=verilog --write_settings_files=off DECODE_24 -c DECODE_24 --vector_source=E:/quartus_Project/DECODE_24/simulation/modelsim/Waveform.vwf --testbench_file=E:/quartus_Project/DECODE_24/simulation/qsim/Waveform.vwf.vt
quartus_eda --write_settings_files=off --functional=on --flatten_buses=off --simulation=on --tool=modelsim_oem --format=verilog --output_directory=E:/quartus_Project/DECODE_24/simulation/qsim/ DECODE_24 -c DECODE_24
quartus_eda --gen_testbench --check_outputs=on --tool=modelsim_oem --format=verilog --write_settings_files=off DECODE_24 -c DECODE_24 --vector_source=E:/quartus_Project/DECODE_24/simulation/modelsim/Waveform.vwf --testbench_file=E:/quartus_Project/DECODE_24/simulation/qsim/Waveform.vwf.vt
quartus_eda --write_settings_files=off --functional=on --flatten_buses=off --simulation=on --tool=modelsim_oem --format=verilog --output_directory=E:/quartus_Project/DECODE_24/simulation/qsim/ DECODE_24 -c DECODE_24
quartus_eda --gen_testbench --check_outputs=on --tool=modelsim_oem --format=verilog --write_settings_files=off DECODE_24 -c DECODE_24 --vector_source=E:/quartus_Project/DECODE_24/simulation/modelsim/Waveform.vwf --testbench_file=E:/quartus_Project/DECODE_24/simulation/modelsim/Waveform.vwf.vt
quartus_eda --gen_testbench --check_outputs=on --tool=modelsim_oem --format=verilog --write_settings_files=off DECODE_24 -c DECODE_24 --vector_source=E:/quartus_Project/DECODE_24/simulation/modelsim/Waveform.vwf --testbench_file=E:/quartus_Project/DECODE_24/simulation/qsim/Waveform.vwf.vt
quartus_eda --write_settings_files=off --functional=on --flatten_buses=off --simulation=on --tool=modelsim_oem --format=verilog --output_directory=E:/quartus_Project/DECODE_24/simulation/qsim/ DECODE_24 -c DECODE_24
quartus_eda --gen_testbench --check_outputs=on --tool=modelsim_oem --format=verilog --write_settings_files=off DECODE_24 -c DECODE_24 --vector_source=E:/quartus_Project/DECODE_24/simulation/modelsim/Waveform.vwf --testbench_file=E:/quartus_Project/DECODE_24/simulation/qsim/Waveform.vwf.vt
quartus_eda --write_settings_files=off --functional=off --flatten_buses=off --timescale=1ps --simulation=on --tool=modelsim_oem --format=verilog --output_directory=E:/quartus_Project/DECODE_24/simulation/qsim/ DECODE_24 -c DECODE_24
quartus_eda --read_settings_files=on --write_settings_files=off DECODE_24 -c DECODE_24 --gen_testbench



