Analysis & Synthesis report for MyWatch_V1_0
Sun Nov 06 09:17:23 2016
Quartus II 64-Bit Version 15.0.0 Build 145 04/22/2015 SJ Full Version


---------------------
; Table of Contents ;
---------------------
  1. Legal Notice
  2. Analysis & Synthesis Summary
  3. Analysis & Synthesis Settings
  4. Parallel Compilation
  5. Analysis & Synthesis Source Files Read
  6. Analysis & Synthesis Resource Usage Summary
  7. Analysis & Synthesis Resource Utilization by Entity
  8. Registers Removed During Synthesis
  9. General Register Statistics
 10. Multiplexer Restructuring Statistics (Restructuring Performed)
 11. Parameter Settings for Inferred Entity Instance: LED_Display:LED_SHOW1|lpm_divide:Mod1
 12. Parameter Settings for Inferred Entity Instance: LED_Display:LED_SHOW1|lpm_divide:Div2
 13. Parameter Settings for Inferred Entity Instance: LED_Display:LED_SHOW1|lpm_divide:Mod2
 14. Parameter Settings for Inferred Entity Instance: LED_Display:LED_SHOW1|lpm_divide:Div1
 15. Parameter Settings for Inferred Entity Instance: LED_Display:LED_SHOW1|lpm_divide:Mod0
 16. Parameter Settings for Inferred Entity Instance: LED_Display:LED_SHOW1|lpm_divide:Div0
 17. Port Connectivity Checks: "counter24:HOUR1"
 18. Port Connectivity Checks: "div_f_100Hz:DIV_100Hz_1"
 19. Port Connectivity Checks: "div_f_1000Hz:DIV_1000Hz_1"
 20. Post-Synthesis Netlist Statistics for Top Partition
 21. Elapsed Time Per Partition
 22. Analysis & Synthesis Messages



----------------
; Legal Notice ;
----------------
Copyright (C) 1991-2015 Altera Corporation. All rights reserved.
Your use of Altera Corporation's design tools, logic functions 
and other software and tools, and its AMPP partner logic 
functions, and any output files from any of the foregoing 
(including device programming or simulation files), and any 
associated documentation or information are expressly subject 
to the terms and conditions of the Altera Program License 
Subscription Agreement, the Altera Quartus II License Agreement,
the Altera MegaCore Function License Agreement, or other 
applicable license agreement, including, without limitation, 
that your use is for the sole purpose of programming logic 
devices manufactured by Altera and sold by Altera or its 
authorized distributors.  Please refer to the applicable 
agreement for further details.



+----------------------------------------------------------------------------------+
; Analysis & Synthesis Summary                                                     ;
+------------------------------------+---------------------------------------------+
; Analysis & Synthesis Status        ; Successful - Sun Nov 06 09:17:23 2016       ;
; Quartus II 64-Bit Version          ; 15.0.0 Build 145 04/22/2015 SJ Full Version ;
; Revision Name                      ; MyWatch_V1_0                                ;
; Top-level Entity Name              ; MyWatch_V1_0                                ;
; Family                             ; Cyclone IV E                                ;
; Total logic elements               ; 620                                         ;
;     Total combinational functions  ; 609                                         ;
;     Dedicated logic registers      ; 177                                         ;
; Total registers                    ; 177                                         ;
; Total pins                         ; 23                                          ;
; Total virtual pins                 ; 0                                           ;
; Total memory bits                  ; 0                                           ;
; Embedded Multiplier 9-bit elements ; 0                                           ;
; Total PLLs                         ; 0                                           ;
+------------------------------------+---------------------------------------------+


+----------------------------------------------------------------------------------------------------------------------+
; Analysis & Synthesis Settings                                                                                        ;
+----------------------------------------------------------------------------+--------------------+--------------------+
; Option                                                                     ; Setting            ; Default Value      ;
+----------------------------------------------------------------------------+--------------------+--------------------+
; Device                                                                     ; EP4CE6F17C8        ;                    ;
; Top-level entity name                                                      ; MyWatch_V1_0       ; MyWatch_V1_0       ;
; Family name                                                                ; Cyclone IV E       ; Cyclone V          ;
; Use smart compilation                                                      ; Off                ; Off                ;
; Enable parallel Assembler and TimeQuest Timing Analyzer during compilation ; On                 ; On                 ;
; Enable compact report table                                                ; Off                ; Off                ;
; Restructure Multiplexers                                                   ; Auto               ; Auto               ;
; Create Debugging Nodes for IP Cores                                        ; Off                ; Off                ;
; Preserve fewer node names                                                  ; On                 ; On                 ;
; Disable OpenCore Plus hardware evaluation                                  ; Off                ; Off                ;
; Verilog Version                                                            ; Verilog_2001       ; Verilog_2001       ;
; VHDL Version                                                               ; VHDL_1993          ; VHDL_1993          ;
; State Machine Processing                                                   ; Auto               ; Auto               ;
; Safe State Machine                                                         ; Off                ; Off                ;
; Extract Verilog State Machines                                             ; On                 ; On                 ;
; Extract VHDL State Machines                                                ; On                 ; On                 ;
; Ignore Verilog initial constructs                                          ; Off                ; Off                ;
; Iteration limit for constant Verilog loops                                 ; 5000               ; 5000               ;
; Iteration limit for non-constant Verilog loops                             ; 250                ; 250                ;
; Add Pass-Through Logic to Inferred RAMs                                    ; On                 ; On                 ;
; Infer RAMs from Raw Logic                                                  ; On                 ; On                 ;
; Parallel Synthesis                                                         ; On                 ; On                 ;
; DSP Block Balancing                                                        ; Auto               ; Auto               ;
; NOT Gate Push-Back                                                         ; On                 ; On                 ;
; Power-Up Don't Care                                                        ; On                 ; On                 ;
; Remove Redundant Logic Cells                                               ; Off                ; Off                ;
; Remove Duplicate Registers                                                 ; On                 ; On                 ;
; Ignore CARRY Buffers                                                       ; Off                ; Off                ;
; Ignore CASCADE Buffers                                                     ; Off                ; Off                ;
; Ignore GLOBAL Buffers                                                      ; Off                ; Off                ;
; Ignore ROW GLOBAL Buffers                                                  ; Off                ; Off                ;
; Ignore LCELL Buffers                                                       ; Off                ; Off                ;
; Ignore SOFT Buffers                                                        ; On                 ; On                 ;
; Limit AHDL Integers to 32 Bits                                             ; Off                ; Off                ;
; Optimization Technique                                                     ; Balanced           ; Balanced           ;
; Carry Chain Length                                                         ; 70                 ; 70                 ;
; Auto Carry Chains                                                          ; On                 ; On                 ;
; Auto Open-Drain Pins                                                       ; On                 ; On                 ;
; Perform WYSIWYG Primitive Resynthesis                                      ; Off                ; Off                ;
; Auto ROM Replacement                                                       ; On                 ; On                 ;
; Auto RAM Replacement                                                       ; On                 ; On                 ;
; Auto DSP Block Replacement                                                 ; On                 ; On                 ;
; Auto Shift Register Replacement                                            ; Auto               ; Auto               ;
; Allow Shift Register Merging across Hierarchies                            ; Auto               ; Auto               ;
; Auto Clock Enable Replacement                                              ; On                 ; On                 ;
; Strict RAM Replacement                                                     ; Off                ; Off                ;
; Allow Synchronous Control Signals                                          ; On                 ; On                 ;
; Force Use of Synchronous Clear Signals                                     ; Off                ; Off                ;
; Auto RAM Block Balancing                                                   ; On                 ; On                 ;
; Auto RAM to Logic Cell Conversion                                          ; Off                ; Off                ;
; Auto Resource Sharing                                                      ; Off                ; Off                ;
; Allow Any RAM Size For Recognition                                         ; Off                ; Off                ;
; Allow Any ROM Size For Recognition                                         ; Off                ; Off                ;
; Allow Any Shift Register Size For Recognition                              ; Off                ; Off                ;
; Use LogicLock Constraints during Resource Balancing                        ; On                 ; On                 ;
; Ignore translate_off and synthesis_off directives                          ; Off                ; Off                ;
; Timing-Driven Synthesis                                                    ; On                 ; On                 ;
; Report Parameter Settings                                                  ; On                 ; On                 ;
; Report Source Assignments                                                  ; On                 ; On                 ;
; Report Connectivity Checks                                                 ; On                 ; On                 ;
; Ignore Maximum Fan-Out Assignments                                         ; Off                ; Off                ;
; Synchronization Register Chain Length                                      ; 2                  ; 2                  ;
; PowerPlay Power Optimization During Synthesis                              ; Normal compilation ; Normal compilation ;
; HDL message level                                                          ; Level2             ; Level2             ;
; Suppress Register Optimization Related Messages                            ; Off                ; Off                ;
; Number of Removed Registers Reported in Synthesis Report                   ; 5000               ; 5000               ;
; Number of Swept Nodes Reported in Synthesis Report                         ; 5000               ; 5000               ;
; Number of Inverted Registers Reported in Synthesis Report                  ; 100                ; 100                ;
; Clock MUX Protection                                                       ; On                 ; On                 ;
; Auto Gated Clock Conversion                                                ; Off                ; Off                ;
; Block Design Naming                                                        ; Auto               ; Auto               ;
; SDC constraint protection                                                  ; Off                ; Off                ;
; Synthesis Effort                                                           ; Auto               ; Auto               ;
; Shift Register Replacement - Allow Asynchronous Clear Signal               ; On                 ; On                 ;
; Pre-Mapping Resynthesis Optimization                                       ; Off                ; Off                ;
; Analysis & Synthesis Message Level                                         ; Medium             ; Medium             ;
; Disable Register Merging Across Hierarchies                                ; Auto               ; Auto               ;
; Resource Aware Inference For Block RAM                                     ; On                 ; On                 ;
; Synthesis Seed                                                             ; 1                  ; 1                  ;
+----------------------------------------------------------------------------+--------------------+--------------------+


+------------------------------------------+
; Parallel Compilation                     ;
+----------------------------+-------------+
; Processors                 ; Number      ;
+----------------------------+-------------+
; Number detected on machine ; 4           ;
; Maximum allowed            ; 2           ;
;                            ;             ;
; Average used               ; 1.00        ;
; Maximum used               ; 1           ;
;                            ;             ;
; Usage by Processor         ; % Time Used ;
;     Processor 1            ; 100.0%      ;
;     Processors 2-4         ;   0.0%      ;
+----------------------------+-------------+


+------------------------------------------------------------------------------------------------------------------------------------------------------------------+
; Analysis & Synthesis Source Files Read                                                                                                                           ;
+----------------------------------+-----------------+------------------------------+--------------------------------------------------------------------+---------+
; File Name with User-Entered Path ; Used in Netlist ; File Type                    ; File Name with Absolute Path                                       ; Library ;
+----------------------------------+-----------------+------------------------------+--------------------------------------------------------------------+---------+
; source/NumToLEDPoint.v           ; yes             ; User Verilog HDL File        ; E:/quartus_Project/MyWatch_V1_1/source/NumToLEDPoint.v             ;         ;
; source/NumToLEDNoPoint.v         ; yes             ; User Verilog HDL File        ; E:/quartus_Project/MyWatch_V1_1/source/NumToLEDNoPoint.v           ;         ;
; source/div_f.v                   ; yes             ; User Verilog HDL File        ; E:/quartus_Project/MyWatch_V1_1/source/div_f.v                     ;         ;
; source/div_f_1000Hz.v            ; yes             ; User Verilog HDL File        ; E:/quartus_Project/MyWatch_V1_1/source/div_f_1000Hz.v              ;         ;
; source/div_f_100Hz.v             ; yes             ; User Verilog HDL File        ; E:/quartus_Project/MyWatch_V1_1/source/div_f_100Hz.v               ;         ;
; source/LED_Display.v             ; yes             ; User Verilog HDL File        ; E:/quartus_Project/MyWatch_V1_1/source/LED_Display.v               ;         ;
; source/div_f_1Hz.v               ; yes             ; User Verilog HDL File        ; E:/quartus_Project/MyWatch_V1_1/source/div_f_1Hz.v                 ;         ;
; source/counter60.v               ; yes             ; User Verilog HDL File        ; E:/quartus_Project/MyWatch_V1_1/source/counter60.v                 ;         ;
; source/counter24.v               ; yes             ; User Verilog HDL File        ; E:/quartus_Project/MyWatch_V1_1/source/counter24.v                 ;         ;
; source/MyWatch_V1_0.v            ; yes             ; User Verilog HDL File        ; E:/quartus_Project/MyWatch_V1_1/source/MyWatch_V1_0.v              ;         ;
; source/keyin_detect.v            ; yes             ; User Verilog HDL File        ; E:/quartus_Project/MyWatch_V1_1/source/keyin_detect.v              ;         ;
; lpm_divide.tdf                   ; yes             ; Megafunction                 ; d:/altera/15.0/quartus/libraries/megafunctions/lpm_divide.tdf      ;         ;
; abs_divider.inc                  ; yes             ; Megafunction                 ; d:/altera/15.0/quartus/libraries/megafunctions/abs_divider.inc     ;         ;
; sign_div_unsign.inc              ; yes             ; Megafunction                 ; d:/altera/15.0/quartus/libraries/megafunctions/sign_div_unsign.inc ;         ;
; aglobal150.inc                   ; yes             ; Megafunction                 ; d:/altera/15.0/quartus/libraries/megafunctions/aglobal150.inc      ;         ;
; db/lpm_divide_m9m.tdf            ; yes             ; Auto-Generated Megafunction  ; E:/quartus_Project/MyWatch_V1_1/db/lpm_divide_m9m.tdf              ;         ;
; db/sign_div_unsign_bkh.tdf       ; yes             ; Auto-Generated Megafunction  ; E:/quartus_Project/MyWatch_V1_1/db/sign_div_unsign_bkh.tdf         ;         ;
; db/alt_u_div_a4f.tdf             ; yes             ; Auto-Generated Megafunction  ; E:/quartus_Project/MyWatch_V1_1/db/alt_u_div_a4f.tdf               ;         ;
; db/add_sub_7pc.tdf               ; yes             ; Auto-Generated Megafunction  ; E:/quartus_Project/MyWatch_V1_1/db/add_sub_7pc.tdf                 ;         ;
; db/add_sub_8pc.tdf               ; yes             ; Auto-Generated Megafunction  ; E:/quartus_Project/MyWatch_V1_1/db/add_sub_8pc.tdf                 ;         ;
; db/lpm_divide_jhm.tdf            ; yes             ; Auto-Generated Megafunction  ; E:/quartus_Project/MyWatch_V1_1/db/lpm_divide_jhm.tdf              ;         ;
+----------------------------------+-----------------+------------------------------+--------------------------------------------------------------------+---------+


+-----------------------------------------------------------+
; Analysis & Synthesis Resource Usage Summary               ;
+---------------------------------------------+-------------+
; Resource                                    ; Usage       ;
+---------------------------------------------+-------------+
; Estimated Total logic elements              ; 620         ;
;                                             ;             ;
; Total combinational functions               ; 609         ;
; Logic element usage by number of LUT inputs ;             ;
;     -- 4 input functions                    ; 139         ;
;     -- 3 input functions                    ; 129         ;
;     -- <=2 input functions                  ; 341         ;
;                                             ;             ;
; Logic elements by mode                      ;             ;
;     -- normal mode                          ; 381         ;
;     -- arithmetic mode                      ; 228         ;
;                                             ;             ;
; Total registers                             ; 177         ;
;     -- Dedicated logic registers            ; 177         ;
;     -- I/O registers                        ; 0           ;
;                                             ;             ;
; I/O pins                                    ; 23          ;
;                                             ;             ;
; Embedded Multiplier 9-bit elements          ; 0           ;
;                                             ;             ;
; Maximum fan-out node                        ; CLOCK~input ;
; Maximum fan-out                             ; 106         ;
; Total fan-out                               ; 2131        ;
; Average fan-out                             ; 2.56        ;
+---------------------------------------------+-------------+


+------------------------------------------------------------------------------------------------------------------------------------------------------------------------------------------------------------------------------------------------------------------------------------------------------------+
; Analysis & Synthesis Resource Utilization by Entity                                                                                                                                                                                                                                                        ;
+-------------------------------------------+-------------------+--------------+-------------+--------------+---------+-----------+------+--------------+-------------------------------------------------------------------------------------------------------------------------------------+--------------+
; Compilation Hierarchy Node                ; LC Combinationals ; LC Registers ; Memory Bits ; DSP Elements ; DSP 9x9 ; DSP 18x18 ; Pins ; Virtual Pins ; Full Hierarchy Name                                                                                                                 ; Library Name ;
+-------------------------------------------+-------------------+--------------+-------------+--------------+---------+-----------+------+--------------+-------------------------------------------------------------------------------------------------------------------------------------+--------------+
; |MyWatch_V1_0                             ; 609 (0)           ; 177 (0)      ; 0           ; 0            ; 0       ; 0         ; 23   ; 0            ; |MyWatch_V1_0                                                                                                                       ; work         ;
;    |LED_Display:LED_SHOW1|                ; 434 (62)          ; 41 (41)      ; 0           ; 0            ; 0       ; 0         ; 0    ; 0            ; |MyWatch_V1_0|LED_Display:LED_SHOW1                                                                                                 ; work         ;
;       |NumToLEDNoPoint:NTLED1|            ; 7 (7)             ; 0 (0)        ; 0           ; 0            ; 0       ; 0         ; 0    ; 0            ; |MyWatch_V1_0|LED_Display:LED_SHOW1|NumToLEDNoPoint:NTLED1                                                                          ; work         ;
;       |NumToLEDNoPoint:NTLED3|            ; 7 (7)             ; 0 (0)        ; 0           ; 0            ; 0       ; 0         ; 0    ; 0            ; |MyWatch_V1_0|LED_Display:LED_SHOW1|NumToLEDNoPoint:NTLED3                                                                          ; work         ;
;       |NumToLEDNoPoint:NTLED5|            ; 7 (7)             ; 0 (0)        ; 0           ; 0            ; 0       ; 0         ; 0    ; 0            ; |MyWatch_V1_0|LED_Display:LED_SHOW1|NumToLEDNoPoint:NTLED5                                                                          ; work         ;
;       |NumToLEDNoPoint:NTLED6|            ; 7 (7)             ; 0 (0)        ; 0           ; 0            ; 0       ; 0         ; 0    ; 0            ; |MyWatch_V1_0|LED_Display:LED_SHOW1|NumToLEDNoPoint:NTLED6                                                                          ; work         ;
;       |NumToLEDPoint:NTLED2|              ; 7 (7)             ; 0 (0)        ; 0           ; 0            ; 0       ; 0         ; 0    ; 0            ; |MyWatch_V1_0|LED_Display:LED_SHOW1|NumToLEDPoint:NTLED2                                                                            ; work         ;
;       |NumToLEDPoint:NTLED4|              ; 7 (7)             ; 0 (0)        ; 0           ; 0            ; 0       ; 0         ; 0    ; 0            ; |MyWatch_V1_0|LED_Display:LED_SHOW1|NumToLEDPoint:NTLED4                                                                            ; work         ;
;       |lpm_divide:Div0|                   ; 51 (0)            ; 0 (0)        ; 0           ; 0            ; 0       ; 0         ; 0    ; 0            ; |MyWatch_V1_0|LED_Display:LED_SHOW1|lpm_divide:Div0                                                                                 ; work         ;
;          |lpm_divide_jhm:auto_generated|  ; 51 (0)            ; 0 (0)        ; 0           ; 0            ; 0       ; 0         ; 0    ; 0            ; |MyWatch_V1_0|LED_Display:LED_SHOW1|lpm_divide:Div0|lpm_divide_jhm:auto_generated                                                   ; work         ;
;             |sign_div_unsign_bkh:divider| ; 51 (0)            ; 0 (0)        ; 0           ; 0            ; 0       ; 0         ; 0    ; 0            ; |MyWatch_V1_0|LED_Display:LED_SHOW1|lpm_divide:Div0|lpm_divide_jhm:auto_generated|sign_div_unsign_bkh:divider                       ; work         ;
;                |alt_u_div_a4f:divider|    ; 51 (51)           ; 0 (0)        ; 0           ; 0            ; 0       ; 0         ; 0    ; 0            ; |MyWatch_V1_0|LED_Display:LED_SHOW1|lpm_divide:Div0|lpm_divide_jhm:auto_generated|sign_div_unsign_bkh:divider|alt_u_div_a4f:divider ; work         ;
;       |lpm_divide:Div1|                   ; 51 (0)            ; 0 (0)        ; 0           ; 0            ; 0       ; 0         ; 0    ; 0            ; |MyWatch_V1_0|LED_Display:LED_SHOW1|lpm_divide:Div1                                                                                 ; work         ;
;          |lpm_divide_jhm:auto_generated|  ; 51 (0)            ; 0 (0)        ; 0           ; 0            ; 0       ; 0         ; 0    ; 0            ; |MyWatch_V1_0|LED_Display:LED_SHOW1|lpm_divide:Div1|lpm_divide_jhm:auto_generated                                                   ; work         ;
;             |sign_div_unsign_bkh:divider| ; 51 (0)            ; 0 (0)        ; 0           ; 0            ; 0       ; 0         ; 0    ; 0            ; |MyWatch_V1_0|LED_Display:LED_SHOW1|lpm_divide:Div1|lpm_divide_jhm:auto_generated|sign_div_unsign_bkh:divider                       ; work         ;
;                |alt_u_div_a4f:divider|    ; 51 (51)           ; 0 (0)        ; 0           ; 0            ; 0       ; 0         ; 0    ; 0            ; |MyWatch_V1_0|LED_Display:LED_SHOW1|lpm_divide:Div1|lpm_divide_jhm:auto_generated|sign_div_unsign_bkh:divider|alt_u_div_a4f:divider ; work         ;
;       |lpm_divide:Div2|                   ; 51 (0)            ; 0 (0)        ; 0           ; 0            ; 0       ; 0         ; 0    ; 0            ; |MyWatch_V1_0|LED_Display:LED_SHOW1|lpm_divide:Div2                                                                                 ; work         ;
;          |lpm_divide_jhm:auto_generated|  ; 51 (0)            ; 0 (0)        ; 0           ; 0            ; 0       ; 0         ; 0    ; 0            ; |MyWatch_V1_0|LED_Display:LED_SHOW1|lpm_divide:Div2|lpm_divide_jhm:auto_generated                                                   ; work         ;
;             |sign_div_unsign_bkh:divider| ; 51 (0)            ; 0 (0)        ; 0           ; 0            ; 0       ; 0         ; 0    ; 0            ; |MyWatch_V1_0|LED_Display:LED_SHOW1|lpm_divide:Div2|lpm_divide_jhm:auto_generated|sign_div_unsign_bkh:divider                       ; work         ;
;                |alt_u_div_a4f:divider|    ; 51 (51)           ; 0 (0)        ; 0           ; 0            ; 0       ; 0         ; 0    ; 0            ; |MyWatch_V1_0|LED_Display:LED_SHOW1|lpm_divide:Div2|lpm_divide_jhm:auto_generated|sign_div_unsign_bkh:divider|alt_u_div_a4f:divider ; work         ;
;       |lpm_divide:Mod0|                   ; 59 (0)            ; 0 (0)        ; 0           ; 0            ; 0       ; 0         ; 0    ; 0            ; |MyWatch_V1_0|LED_Display:LED_SHOW1|lpm_divide:Mod0                                                                                 ; work         ;
;          |lpm_divide_m9m:auto_generated|  ; 59 (0)            ; 0 (0)        ; 0           ; 0            ; 0       ; 0         ; 0    ; 0            ; |MyWatch_V1_0|LED_Display:LED_SHOW1|lpm_divide:Mod0|lpm_divide_m9m:auto_generated                                                   ; work         ;
;             |sign_div_unsign_bkh:divider| ; 59 (0)            ; 0 (0)        ; 0           ; 0            ; 0       ; 0         ; 0    ; 0            ; |MyWatch_V1_0|LED_Display:LED_SHOW1|lpm_divide:Mod0|lpm_divide_m9m:auto_generated|sign_div_unsign_bkh:divider                       ; work         ;
;                |alt_u_div_a4f:divider|    ; 59 (59)           ; 0 (0)        ; 0           ; 0            ; 0       ; 0         ; 0    ; 0            ; |MyWatch_V1_0|LED_Display:LED_SHOW1|lpm_divide:Mod0|lpm_divide_m9m:auto_generated|sign_div_unsign_bkh:divider|alt_u_div_a4f:divider ; work         ;
;       |lpm_divide:Mod1|                   ; 59 (0)            ; 0 (0)        ; 0           ; 0            ; 0       ; 0         ; 0    ; 0            ; |MyWatch_V1_0|LED_Display:LED_SHOW1|lpm_divide:Mod1                                                                                 ; work         ;
;          |lpm_divide_m9m:auto_generated|  ; 59 (0)            ; 0 (0)        ; 0           ; 0            ; 0       ; 0         ; 0    ; 0            ; |MyWatch_V1_0|LED_Display:LED_SHOW1|lpm_divide:Mod1|lpm_divide_m9m:auto_generated                                                   ; work         ;
;             |sign_div_unsign_bkh:divider| ; 59 (0)            ; 0 (0)        ; 0           ; 0            ; 0       ; 0         ; 0    ; 0            ; |MyWatch_V1_0|LED_Display:LED_SHOW1|lpm_divide:Mod1|lpm_divide_m9m:auto_generated|sign_div_unsign_bkh:divider                       ; work         ;
;                |alt_u_div_a4f:divider|    ; 59 (59)           ; 0 (0)        ; 0           ; 0            ; 0       ; 0         ; 0    ; 0            ; |MyWatch_V1_0|LED_Display:LED_SHOW1|lpm_divide:Mod1|lpm_divide_m9m:auto_generated|sign_div_unsign_bkh:divider|alt_u_div_a4f:divider ; work         ;
;       |lpm_divide:Mod2|                   ; 59 (0)            ; 0 (0)        ; 0           ; 0            ; 0       ; 0         ; 0    ; 0            ; |MyWatch_V1_0|LED_Display:LED_SHOW1|lpm_divide:Mod2                                                                                 ; work         ;
;          |lpm_divide_m9m:auto_generated|  ; 59 (0)            ; 0 (0)        ; 0           ; 0            ; 0       ; 0         ; 0    ; 0            ; |MyWatch_V1_0|LED_Display:LED_SHOW1|lpm_divide:Mod2|lpm_divide_m9m:auto_generated                                                   ; work         ;
;             |sign_div_unsign_bkh:divider| ; 59 (0)            ; 0 (0)        ; 0           ; 0            ; 0       ; 0         ; 0    ; 0            ; |MyWatch_V1_0|LED_Display:LED_SHOW1|lpm_divide:Mod2|lpm_divide_m9m:auto_generated|sign_div_unsign_bkh:divider                       ; work         ;
;                |alt_u_div_a4f:divider|    ; 59 (59)           ; 0 (0)        ; 0           ; 0            ; 0       ; 0         ; 0    ; 0            ; |MyWatch_V1_0|LED_Display:LED_SHOW1|lpm_divide:Mod2|lpm_divide_m9m:auto_generated|sign_div_unsign_bkh:divider|alt_u_div_a4f:divider ; work         ;
;    |counter24:HOUR1|                      ; 12 (12)           ; 8 (8)        ; 0           ; 0            ; 0       ; 0         ; 0    ; 0            ; |MyWatch_V1_0|counter24:HOUR1                                                                                                       ; work         ;
;    |counter60:MINUTE1|                    ; 14 (14)           ; 9 (9)        ; 0           ; 0            ; 0       ; 0         ; 0    ; 0            ; |MyWatch_V1_0|counter60:MINUTE1                                                                                                     ; work         ;
;    |counter60:SECOND1|                    ; 14 (14)           ; 9 (9)        ; 0           ; 0            ; 0       ; 0         ; 0    ; 0            ; |MyWatch_V1_0|counter60:SECOND1                                                                                                     ; work         ;
;    |div_f:DIV_f_1|                        ; 44 (44)           ; 33 (33)      ; 0           ; 0            ; 0       ; 0         ; 0    ; 0            ; |MyWatch_V1_0|div_f:DIV_f_1                                                                                                         ; work         ;
;    |div_f_1Hz:DIV_1Hz_1|                  ; 44 (44)           ; 33 (33)      ; 0           ; 0            ; 0       ; 0         ; 0    ; 0            ; |MyWatch_V1_0|div_f_1Hz:DIV_1Hz_1                                                                                                   ; work         ;
;    |keyin_detect:DETCET_KEY_RESET|        ; 44 (44)           ; 35 (35)      ; 0           ; 0            ; 0       ; 0         ; 0    ; 0            ; |MyWatch_V1_0|keyin_detect:DETCET_KEY_RESET                                                                                         ; work         ;
;    |keyin_detect:DETCET_KEY_U1|           ; 1 (1)             ; 3 (3)        ; 0           ; 0            ; 0       ; 0         ; 0    ; 0            ; |MyWatch_V1_0|keyin_detect:DETCET_KEY_U1                                                                                            ; work         ;
;    |keyin_detect:DETCET_KEY_U2|           ; 1 (1)             ; 3 (3)        ; 0           ; 0            ; 0       ; 0         ; 0    ; 0            ; |MyWatch_V1_0|keyin_detect:DETCET_KEY_U2                                                                                            ; work         ;
;    |keyin_detect:DETCET_KEY_U3|           ; 1 (1)             ; 3 (3)        ; 0           ; 0            ; 0       ; 0         ; 0    ; 0            ; |MyWatch_V1_0|keyin_detect:DETCET_KEY_U3                                                                                            ; work         ;
+-------------------------------------------+-------------------+--------------+-------------+--------------+---------+-----------+------+--------------+-------------------------------------------------------------------------------------------------------------------------------------+--------------+
Note: For table entries with two numbers listed, the numbers in parentheses indicate the number of resources of the given type used by the specific entity alone. The numbers listed outside of parentheses indicate the total resources of the given type used by the specific entity and all of its sub-entities in the hierarchy.


+------------------------------------------------------------------------------------------------------+
; Registers Removed During Synthesis                                                                   ;
+-------------------------------------------+----------------------------------------------------------+
; Register name                             ; Reason for Removal                                       ;
+-------------------------------------------+----------------------------------------------------------+
; keyin_detect:DETCET_KEY_U1|counter50M[31] ; Merged with keyin_detect:DETCET_KEY_RESET|counter50M[31] ;
; keyin_detect:DETCET_KEY_U2|counter50M[31] ; Merged with keyin_detect:DETCET_KEY_RESET|counter50M[31] ;
; keyin_detect:DETCET_KEY_U3|counter50M[31] ; Merged with keyin_detect:DETCET_KEY_RESET|counter50M[31] ;
; keyin_detect:DETCET_KEY_U1|counter50M[30] ; Merged with keyin_detect:DETCET_KEY_RESET|counter50M[30] ;
; keyin_detect:DETCET_KEY_U2|counter50M[30] ; Merged with keyin_detect:DETCET_KEY_RESET|counter50M[30] ;
; keyin_detect:DETCET_KEY_U3|counter50M[30] ; Merged with keyin_detect:DETCET_KEY_RESET|counter50M[30] ;
; keyin_detect:DETCET_KEY_U1|counter50M[29] ; Merged with keyin_detect:DETCET_KEY_RESET|counter50M[29] ;
; keyin_detect:DETCET_KEY_U2|counter50M[29] ; Merged with keyin_detect:DETCET_KEY_RESET|counter50M[29] ;
; keyin_detect:DETCET_KEY_U3|counter50M[29] ; Merged with keyin_detect:DETCET_KEY_RESET|counter50M[29] ;
; keyin_detect:DETCET_KEY_U1|counter50M[28] ; Merged with keyin_detect:DETCET_KEY_RESET|counter50M[28] ;
; keyin_detect:DETCET_KEY_U2|counter50M[28] ; Merged with keyin_detect:DETCET_KEY_RESET|counter50M[28] ;
; keyin_detect:DETCET_KEY_U3|counter50M[28] ; Merged with keyin_detect:DETCET_KEY_RESET|counter50M[28] ;
; keyin_detect:DETCET_KEY_U1|counter50M[27] ; Merged with keyin_detect:DETCET_KEY_RESET|counter50M[27] ;
; keyin_detect:DETCET_KEY_U2|counter50M[27] ; Merged with keyin_detect:DETCET_KEY_RESET|counter50M[27] ;
; keyin_detect:DETCET_KEY_U3|counter50M[27] ; Merged with keyin_detect:DETCET_KEY_RESET|counter50M[27] ;
; keyin_detect:DETCET_KEY_U1|counter50M[26] ; Merged with keyin_detect:DETCET_KEY_RESET|counter50M[26] ;
; keyin_detect:DETCET_KEY_U2|counter50M[26] ; Merged with keyin_detect:DETCET_KEY_RESET|counter50M[26] ;
; keyin_detect:DETCET_KEY_U3|counter50M[26] ; Merged with keyin_detect:DETCET_KEY_RESET|counter50M[26] ;
; keyin_detect:DETCET_KEY_U1|counter50M[25] ; Merged with keyin_detect:DETCET_KEY_RESET|counter50M[25] ;
; keyin_detect:DETCET_KEY_U2|counter50M[25] ; Merged with keyin_detect:DETCET_KEY_RESET|counter50M[25] ;
; keyin_detect:DETCET_KEY_U3|counter50M[25] ; Merged with keyin_detect:DETCET_KEY_RESET|counter50M[25] ;
; keyin_detect:DETCET_KEY_U1|counter50M[24] ; Merged with keyin_detect:DETCET_KEY_RESET|counter50M[24] ;
; keyin_detect:DETCET_KEY_U2|counter50M[24] ; Merged with keyin_detect:DETCET_KEY_RESET|counter50M[24] ;
; keyin_detect:DETCET_KEY_U3|counter50M[24] ; Merged with keyin_detect:DETCET_KEY_RESET|counter50M[24] ;
; keyin_detect:DETCET_KEY_U1|counter50M[23] ; Merged with keyin_detect:DETCET_KEY_RESET|counter50M[23] ;
; keyin_detect:DETCET_KEY_U2|counter50M[23] ; Merged with keyin_detect:DETCET_KEY_RESET|counter50M[23] ;
; keyin_detect:DETCET_KEY_U3|counter50M[23] ; Merged with keyin_detect:DETCET_KEY_RESET|counter50M[23] ;
; keyin_detect:DETCET_KEY_U1|counter50M[22] ; Merged with keyin_detect:DETCET_KEY_RESET|counter50M[22] ;
; keyin_detect:DETCET_KEY_U2|counter50M[22] ; Merged with keyin_detect:DETCET_KEY_RESET|counter50M[22] ;
; keyin_detect:DETCET_KEY_U3|counter50M[22] ; Merged with keyin_detect:DETCET_KEY_RESET|counter50M[22] ;
; keyin_detect:DETCET_KEY_U1|counter50M[21] ; Merged with keyin_detect:DETCET_KEY_RESET|counter50M[21] ;
; keyin_detect:DETCET_KEY_U2|counter50M[21] ; Merged with keyin_detect:DETCET_KEY_RESET|counter50M[21] ;
; keyin_detect:DETCET_KEY_U3|counter50M[21] ; Merged with keyin_detect:DETCET_KEY_RESET|counter50M[21] ;
; keyin_detect:DETCET_KEY_U1|counter50M[20] ; Merged with keyin_detect:DETCET_KEY_RESET|counter50M[20] ;
; keyin_detect:DETCET_KEY_U2|counter50M[20] ; Merged with keyin_detect:DETCET_KEY_RESET|counter50M[20] ;
; keyin_detect:DETCET_KEY_U3|counter50M[20] ; Merged with keyin_detect:DETCET_KEY_RESET|counter50M[20] ;
; keyin_detect:DETCET_KEY_U1|counter50M[19] ; Merged with keyin_detect:DETCET_KEY_RESET|counter50M[19] ;
; keyin_detect:DETCET_KEY_U2|counter50M[19] ; Merged with keyin_detect:DETCET_KEY_RESET|counter50M[19] ;
; keyin_detect:DETCET_KEY_U3|counter50M[19] ; Merged with keyin_detect:DETCET_KEY_RESET|counter50M[19] ;
; keyin_detect:DETCET_KEY_U1|counter50M[18] ; Merged with keyin_detect:DETCET_KEY_RESET|counter50M[18] ;
; keyin_detect:DETCET_KEY_U2|counter50M[18] ; Merged with keyin_detect:DETCET_KEY_RESET|counter50M[18] ;
; keyin_detect:DETCET_KEY_U3|counter50M[18] ; Merged with keyin_detect:DETCET_KEY_RESET|counter50M[18] ;
; keyin_detect:DETCET_KEY_U1|counter50M[17] ; Merged with keyin_detect:DETCET_KEY_RESET|counter50M[17] ;
; keyin_detect:DETCET_KEY_U2|counter50M[17] ; Merged with keyin_detect:DETCET_KEY_RESET|counter50M[17] ;
; keyin_detect:DETCET_KEY_U3|counter50M[17] ; Merged with keyin_detect:DETCET_KEY_RESET|counter50M[17] ;
; keyin_detect:DETCET_KEY_U1|counter50M[16] ; Merged with keyin_detect:DETCET_KEY_RESET|counter50M[16] ;
; keyin_detect:DETCET_KEY_U2|counter50M[16] ; Merged with keyin_detect:DETCET_KEY_RESET|counter50M[16] ;
; keyin_detect:DETCET_KEY_U3|counter50M[16] ; Merged with keyin_detect:DETCET_KEY_RESET|counter50M[16] ;
; keyin_detect:DETCET_KEY_U1|counter50M[15] ; Merged with keyin_detect:DETCET_KEY_RESET|counter50M[15] ;
; keyin_detect:DETCET_KEY_U2|counter50M[15] ; Merged with keyin_detect:DETCET_KEY_RESET|counter50M[15] ;
; keyin_detect:DETCET_KEY_U3|counter50M[15] ; Merged with keyin_detect:DETCET_KEY_RESET|counter50M[15] ;
; keyin_detect:DETCET_KEY_U1|counter50M[14] ; Merged with keyin_detect:DETCET_KEY_RESET|counter50M[14] ;
; keyin_detect:DETCET_KEY_U2|counter50M[14] ; Merged with keyin_detect:DETCET_KEY_RESET|counter50M[14] ;
; keyin_detect:DETCET_KEY_U3|counter50M[14] ; Merged with keyin_detect:DETCET_KEY_RESET|counter50M[14] ;
; keyin_detect:DETCET_KEY_U1|counter50M[13] ; Merged with keyin_detect:DETCET_KEY_RESET|counter50M[13] ;
; keyin_detect:DETCET_KEY_U2|counter50M[13] ; Merged with keyin_detect:DETCET_KEY_RESET|counter50M[13] ;
; keyin_detect:DETCET_KEY_U3|counter50M[13] ; Merged with keyin_detect:DETCET_KEY_RESET|counter50M[13] ;
; keyin_detect:DETCET_KEY_U1|counter50M[12] ; Merged with keyin_detect:DETCET_KEY_RESET|counter50M[12] ;
; keyin_detect:DETCET_KEY_U2|counter50M[12] ; Merged with keyin_detect:DETCET_KEY_RESET|counter50M[12] ;
; keyin_detect:DETCET_KEY_U3|counter50M[12] ; Merged with keyin_detect:DETCET_KEY_RESET|counter50M[12] ;
; keyin_detect:DETCET_KEY_U1|counter50M[11] ; Merged with keyin_detect:DETCET_KEY_RESET|counter50M[11] ;
; keyin_detect:DETCET_KEY_U2|counter50M[11] ; Merged with keyin_detect:DETCET_KEY_RESET|counter50M[11] ;
; keyin_detect:DETCET_KEY_U3|counter50M[11] ; Merged with keyin_detect:DETCET_KEY_RESET|counter50M[11] ;
; keyin_detect:DETCET_KEY_U1|counter50M[10] ; Merged with keyin_detect:DETCET_KEY_RESET|counter50M[10] ;
; keyin_detect:DETCET_KEY_U2|counter50M[10] ; Merged with keyin_detect:DETCET_KEY_RESET|counter50M[10] ;
; keyin_detect:DETCET_KEY_U3|counter50M[10] ; Merged with keyin_detect:DETCET_KEY_RESET|counter50M[10] ;
; keyin_detect:DETCET_KEY_U1|counter50M[9]  ; Merged with keyin_detect:DETCET_KEY_RESET|counter50M[9]  ;
; keyin_detect:DETCET_KEY_U2|counter50M[9]  ; Merged with keyin_detect:DETCET_KEY_RESET|counter50M[9]  ;
; keyin_detect:DETCET_KEY_U3|counter50M[9]  ; Merged with keyin_detect:DETCET_KEY_RESET|counter50M[9]  ;
; keyin_detect:DETCET_KEY_U1|counter50M[8]  ; Merged with keyin_detect:DETCET_KEY_RESET|counter50M[8]  ;
; keyin_detect:DETCET_KEY_U2|counter50M[8]  ; Merged with keyin_detect:DETCET_KEY_RESET|counter50M[8]  ;
; keyin_detect:DETCET_KEY_U3|counter50M[8]  ; Merged with keyin_detect:DETCET_KEY_RESET|counter50M[8]  ;
; keyin_detect:DETCET_KEY_U1|counter50M[7]  ; Merged with keyin_detect:DETCET_KEY_RESET|counter50M[7]  ;
; keyin_detect:DETCET_KEY_U2|counter50M[7]  ; Merged with keyin_detect:DETCET_KEY_RESET|counter50M[7]  ;
; keyin_detect:DETCET_KEY_U3|counter50M[7]  ; Merged with keyin_detect:DETCET_KEY_RESET|counter50M[7]  ;
; keyin_detect:DETCET_KEY_U1|counter50M[6]  ; Merged with keyin_detect:DETCET_KEY_RESET|counter50M[6]  ;
; keyin_detect:DETCET_KEY_U2|counter50M[6]  ; Merged with keyin_detect:DETCET_KEY_RESET|counter50M[6]  ;
; keyin_detect:DETCET_KEY_U3|counter50M[6]  ; Merged with keyin_detect:DETCET_KEY_RESET|counter50M[6]  ;
; keyin_detect:DETCET_KEY_U1|counter50M[5]  ; Merged with keyin_detect:DETCET_KEY_RESET|counter50M[5]  ;
; keyin_detect:DETCET_KEY_U2|counter50M[5]  ; Merged with keyin_detect:DETCET_KEY_RESET|counter50M[5]  ;
; keyin_detect:DETCET_KEY_U3|counter50M[5]  ; Merged with keyin_detect:DETCET_KEY_RESET|counter50M[5]  ;
; keyin_detect:DETCET_KEY_U1|counter50M[4]  ; Merged with keyin_detect:DETCET_KEY_RESET|counter50M[4]  ;
; keyin_detect:DETCET_KEY_U2|counter50M[4]  ; Merged with keyin_detect:DETCET_KEY_RESET|counter50M[4]  ;
; keyin_detect:DETCET_KEY_U3|counter50M[4]  ; Merged with keyin_detect:DETCET_KEY_RESET|counter50M[4]  ;
; keyin_detect:DETCET_KEY_U1|counter50M[3]  ; Merged with keyin_detect:DETCET_KEY_RESET|counter50M[3]  ;
; keyin_detect:DETCET_KEY_U2|counter50M[3]  ; Merged with keyin_detect:DETCET_KEY_RESET|counter50M[3]  ;
; keyin_detect:DETCET_KEY_U3|counter50M[3]  ; Merged with keyin_detect:DETCET_KEY_RESET|counter50M[3]  ;
; keyin_detect:DETCET_KEY_U1|counter50M[2]  ; Merged with keyin_detect:DETCET_KEY_RESET|counter50M[2]  ;
; keyin_detect:DETCET_KEY_U2|counter50M[2]  ; Merged with keyin_detect:DETCET_KEY_RESET|counter50M[2]  ;
; keyin_detect:DETCET_KEY_U3|counter50M[2]  ; Merged with keyin_detect:DETCET_KEY_RESET|counter50M[2]  ;
; keyin_detect:DETCET_KEY_U1|counter50M[1]  ; Merged with keyin_detect:DETCET_KEY_RESET|counter50M[1]  ;
; keyin_detect:DETCET_KEY_U2|counter50M[1]  ; Merged with keyin_detect:DETCET_KEY_RESET|counter50M[1]  ;
; keyin_detect:DETCET_KEY_U3|counter50M[1]  ; Merged with keyin_detect:DETCET_KEY_RESET|counter50M[1]  ;
; keyin_detect:DETCET_KEY_U1|counter50M[0]  ; Merged with keyin_detect:DETCET_KEY_RESET|counter50M[0]  ;
; keyin_detect:DETCET_KEY_U2|counter50M[0]  ; Merged with keyin_detect:DETCET_KEY_RESET|counter50M[0]  ;
; keyin_detect:DETCET_KEY_U3|counter50M[0]  ; Merged with keyin_detect:DETCET_KEY_RESET|counter50M[0]  ;
; LED_Display:LED_SHOW1|i[3]                ; Stuck at GND due to stuck port data_in                   ;
; Total Number of Removed Registers = 97    ;                                                          ;
+-------------------------------------------+----------------------------------------------------------+


+------------------------------------------------------+
; General Register Statistics                          ;
+----------------------------------------------+-------+
; Statistic                                    ; Value ;
+----------------------------------------------+-------+
; Total registers                              ; 177   ;
; Number of registers using Synchronous Clear  ; 120   ;
; Number of registers using Synchronous Load   ; 0     ;
; Number of registers using Asynchronous Clear ; 70    ;
; Number of registers using Asynchronous Load  ; 0     ;
; Number of registers using Clock Enable       ; 4     ;
; Number of registers using Preset             ; 0     ;
+----------------------------------------------+-------+


+----------------------------------------------------------------------------------------------------------------------------------------------------------+
; Multiplexer Restructuring Statistics (Restructuring Performed)                                                                                           ;
+--------------------+-----------+---------------+----------------------+------------------------+------------+--------------------------------------------+
; Multiplexer Inputs ; Bus Width ; Baseline Area ; Area if Restructured ; Saving if Restructured ; Registered ; Example Multiplexer Output                 ;
+--------------------+-----------+---------------+----------------------+------------------------+------------+--------------------------------------------+
; 16:1               ; 7 bits    ; 70 LEs        ; 35 LEs               ; 35 LEs                 ; Yes        ; |MyWatch_V1_0|LED_Display:LED_SHOW1|DIG[3] ;
+--------------------+-----------+---------------+----------------------+------------------------+------------+--------------------------------------------+


+----------------------------------------------------------------------------------------+
; Parameter Settings for Inferred Entity Instance: LED_Display:LED_SHOW1|lpm_divide:Mod1 ;
+------------------------+----------------+----------------------------------------------+
; Parameter Name         ; Value          ; Type                                         ;
+------------------------+----------------+----------------------------------------------+
; LPM_WIDTHN             ; 8              ; Untyped                                      ;
; LPM_WIDTHD             ; 4              ; Untyped                                      ;
; LPM_NREPRESENTATION    ; UNSIGNED       ; Untyped                                      ;
; LPM_DREPRESENTATION    ; UNSIGNED       ; Untyped                                      ;
; LPM_PIPELINE           ; 0              ; Untyped                                      ;
; LPM_REMAINDERPOSITIVE  ; TRUE           ; Untyped                                      ;
; MAXIMIZE_SPEED         ; 5              ; Untyped                                      ;
; CBXI_PARAMETER         ; lpm_divide_m9m ; Untyped                                      ;
; CARRY_CHAIN            ; MANUAL         ; Untyped                                      ;
; OPTIMIZE_FOR_SPEED     ; 5              ; Untyped                                      ;
; AUTO_CARRY_CHAINS      ; ON             ; AUTO_CARRY                                   ;
; IGNORE_CARRY_BUFFERS   ; OFF            ; IGNORE_CARRY                                 ;
; AUTO_CASCADE_CHAINS    ; ON             ; AUTO_CASCADE                                 ;
; IGNORE_CASCADE_BUFFERS ; OFF            ; IGNORE_CASCADE                               ;
+------------------------+----------------+----------------------------------------------+
Note: In order to hide this table in the UI and the text report file, please set the "Show Parameter Settings in Synthesis Report" option in "Analysis and Synthesis Settings -> More Settings" to "Off".


+----------------------------------------------------------------------------------------+
; Parameter Settings for Inferred Entity Instance: LED_Display:LED_SHOW1|lpm_divide:Div2 ;
+------------------------+----------------+----------------------------------------------+
; Parameter Name         ; Value          ; Type                                         ;
+------------------------+----------------+----------------------------------------------+
; LPM_WIDTHN             ; 8              ; Untyped                                      ;
; LPM_WIDTHD             ; 4              ; Untyped                                      ;
; LPM_NREPRESENTATION    ; UNSIGNED       ; Untyped                                      ;
; LPM_DREPRESENTATION    ; UNSIGNED       ; Untyped                                      ;
; LPM_PIPELINE           ; 0              ; Untyped                                      ;
; LPM_REMAINDERPOSITIVE  ; TRUE           ; Untyped                                      ;
; MAXIMIZE_SPEED         ; 5              ; Untyped                                      ;
; CBXI_PARAMETER         ; lpm_divide_jhm ; Untyped                                      ;
; CARRY_CHAIN            ; MANUAL         ; Untyped                                      ;
; OPTIMIZE_FOR_SPEED     ; 5              ; Untyped                                      ;
; AUTO_CARRY_CHAINS      ; ON             ; AUTO_CARRY                                   ;
; IGNORE_CARRY_BUFFERS   ; OFF            ; IGNORE_CARRY                                 ;
; AUTO_CASCADE_CHAINS    ; ON             ; AUTO_CASCADE                                 ;
; IGNORE_CASCADE_BUFFERS ; OFF            ; IGNORE_CASCADE                               ;
+------------------------+----------------+----------------------------------------------+
Note: In order to hide this table in the UI and the text report file, please set the "Show Parameter Settings in Synthesis Report" option in "Analysis and Synthesis Settings -> More Settings" to "Off".


+----------------------------------------------------------------------------------------+
; Parameter Settings for Inferred Entity Instance: LED_Display:LED_SHOW1|lpm_divide:Mod2 ;
+------------------------+----------------+----------------------------------------------+
; Parameter Name         ; Value          ; Type                                         ;
+------------------------+----------------+----------------------------------------------+
; LPM_WIDTHN             ; 8              ; Untyped                                      ;
; LPM_WIDTHD             ; 4              ; Untyped                                      ;
; LPM_NREPRESENTATION    ; UNSIGNED       ; Untyped                                      ;
; LPM_DREPRESENTATION    ; UNSIGNED       ; Untyped                                      ;
; LPM_PIPELINE           ; 0              ; Untyped                                      ;
; LPM_REMAINDERPOSITIVE  ; TRUE           ; Untyped                                      ;
; MAXIMIZE_SPEED         ; 5              ; Untyped                                      ;
; CBXI_PARAMETER         ; lpm_divide_m9m ; Untyped                                      ;
; CARRY_CHAIN            ; MANUAL         ; Untyped                                      ;
; OPTIMIZE_FOR_SPEED     ; 5              ; Untyped                                      ;
; AUTO_CARRY_CHAINS      ; ON             ; AUTO_CARRY                                   ;
; IGNORE_CARRY_BUFFERS   ; OFF            ; IGNORE_CARRY                                 ;
; AUTO_CASCADE_CHAINS    ; ON             ; AUTO_CASCADE                                 ;
; IGNORE_CASCADE_BUFFERS ; OFF            ; IGNORE_CASCADE                               ;
+------------------------+----------------+----------------------------------------------+
Note: In order to hide this table in the UI and the text report file, please set the "Show Parameter Settings in Synthesis Report" option in "Analysis and Synthesis Settings -> More Settings" to "Off".


+----------------------------------------------------------------------------------------+
; Parameter Settings for Inferred Entity Instance: LED_Display:LED_SHOW1|lpm_divide:Div1 ;
+------------------------+----------------+----------------------------------------------+
; Parameter Name         ; Value          ; Type                                         ;
+------------------------+----------------+----------------------------------------------+
; LPM_WIDTHN             ; 8              ; Untyped                                      ;
; LPM_WIDTHD             ; 4              ; Untyped                                      ;
; LPM_NREPRESENTATION    ; UNSIGNED       ; Untyped                                      ;
; LPM_DREPRESENTATION    ; UNSIGNED       ; Untyped                                      ;
; LPM_PIPELINE           ; 0              ; Untyped                                      ;
; LPM_REMAINDERPOSITIVE  ; TRUE           ; Untyped                                      ;
; MAXIMIZE_SPEED         ; 5              ; Untyped                                      ;
; CBXI_PARAMETER         ; lpm_divide_jhm ; Untyped                                      ;
; CARRY_CHAIN            ; MANUAL         ; Untyped                                      ;
; OPTIMIZE_FOR_SPEED     ; 5              ; Untyped                                      ;
; AUTO_CARRY_CHAINS      ; ON             ; AUTO_CARRY                                   ;
; IGNORE_CARRY_BUFFERS   ; OFF            ; IGNORE_CARRY                                 ;
; AUTO_CASCADE_CHAINS    ; ON             ; AUTO_CASCADE                                 ;
; IGNORE_CASCADE_BUFFERS ; OFF            ; IGNORE_CASCADE                               ;
+------------------------+----------------+----------------------------------------------+
Note: In order to hide this table in the UI and the text report file, please set the "Show Parameter Settings in Synthesis Report" option in "Analysis and Synthesis Settings -> More Settings" to "Off".


+----------------------------------------------------------------------------------------+
; Parameter Settings for Inferred Entity Instance: LED_Display:LED_SHOW1|lpm_divide:Mod0 ;
+------------------------+----------------+----------------------------------------------+
; Parameter Name         ; Value          ; Type                                         ;
+------------------------+----------------+----------------------------------------------+
; LPM_WIDTHN             ; 8              ; Untyped                                      ;
; LPM_WIDTHD             ; 4              ; Untyped                                      ;
; LPM_NREPRESENTATION    ; UNSIGNED       ; Untyped                                      ;
; LPM_DREPRESENTATION    ; UNSIGNED       ; Untyped                                      ;
; LPM_PIPELINE           ; 0              ; Untyped                                      ;
; LPM_REMAINDERPOSITIVE  ; TRUE           ; Untyped                                      ;
; MAXIMIZE_SPEED         ; 5              ; Untyped                                      ;
; CBXI_PARAMETER         ; lpm_divide_m9m ; Untyped                                      ;
; CARRY_CHAIN            ; MANUAL         ; Untyped                                      ;
; OPTIMIZE_FOR_SPEED     ; 5              ; Untyped                                      ;
; AUTO_CARRY_CHAINS      ; ON             ; AUTO_CARRY                                   ;
; IGNORE_CARRY_BUFFERS   ; OFF            ; IGNORE_CARRY                                 ;
; AUTO_CASCADE_CHAINS    ; ON             ; AUTO_CASCADE                                 ;
; IGNORE_CASCADE_BUFFERS ; OFF            ; IGNORE_CASCADE                               ;
+------------------------+----------------+----------------------------------------------+
Note: In order to hide this table in the UI and the text report file, please set the "Show Parameter Settings in Synthesis Report" option in "Analysis and Synthesis Settings -> More Settings" to "Off".


+----------------------------------------------------------------------------------------+
; Parameter Settings for Inferred Entity Instance: LED_Display:LED_SHOW1|lpm_divide:Div0 ;
+------------------------+----------------+----------------------------------------------+
; Parameter Name         ; Value          ; Type                                         ;
+------------------------+----------------+----------------------------------------------+
; LPM_WIDTHN             ; 8              ; Untyped                                      ;
; LPM_WIDTHD             ; 4              ; Untyped                                      ;
; LPM_NREPRESENTATION    ; UNSIGNED       ; Untyped                                      ;
; LPM_DREPRESENTATION    ; UNSIGNED       ; Untyped                                      ;
; LPM_PIPELINE           ; 0              ; Untyped                                      ;
; LPM_REMAINDERPOSITIVE  ; TRUE           ; Untyped                                      ;
; MAXIMIZE_SPEED         ; 5              ; Untyped                                      ;
; CBXI_PARAMETER         ; lpm_divide_jhm ; Untyped                                      ;
; CARRY_CHAIN            ; MANUAL         ; Untyped                                      ;
; OPTIMIZE_FOR_SPEED     ; 5              ; Untyped                                      ;
; AUTO_CARRY_CHAINS      ; ON             ; AUTO_CARRY                                   ;
; IGNORE_CARRY_BUFFERS   ; OFF            ; IGNORE_CARRY                                 ;
; AUTO_CASCADE_CHAINS    ; ON             ; AUTO_CASCADE                                 ;
; IGNORE_CASCADE_BUFFERS ; OFF            ; IGNORE_CASCADE                               ;
+------------------------+----------------+----------------------------------------------+
Note: In order to hide this table in the UI and the text report file, please set the "Show Parameter Settings in Synthesis Report" option in "Analysis and Synthesis Settings -> More Settings" to "Off".


+-------------------------------------------------------------------------------------------------------------------+
; Port Connectivity Checks: "counter24:HOUR1"                                                                       ;
+---------+--------+----------+-------------------------------------------------------------------------------------+
; Port    ; Type   ; Severity ; Details                                                                             ;
+---------+--------+----------+-------------------------------------------------------------------------------------+
; ToCarry ; Output ; Info     ; Connected to dangling logic. Logic that only feeds a dangling port will be removed. ;
+---------+--------+----------+-------------------------------------------------------------------------------------+


+----------------------------------------------------------------------------------------------------------------------+
; Port Connectivity Checks: "div_f_100Hz:DIV_100Hz_1"                                                                  ;
+------------+--------+----------+-------------------------------------------------------------------------------------+
; Port       ; Type   ; Severity ; Details                                                                             ;
+------------+--------+----------+-------------------------------------------------------------------------------------+
; _100Hz_clk ; Output ; Info     ; Connected to dangling logic. Logic that only feeds a dangling port will be removed. ;
+------------+--------+----------+-------------------------------------------------------------------------------------+


+-----------------------------------------------------------------------------------------------------------------------+
; Port Connectivity Checks: "div_f_1000Hz:DIV_1000Hz_1"                                                                 ;
+-------------+--------+----------+-------------------------------------------------------------------------------------+
; Port        ; Type   ; Severity ; Details                                                                             ;
+-------------+--------+----------+-------------------------------------------------------------------------------------+
; _1000Hz_clk ; Output ; Info     ; Connected to dangling logic. Logic that only feeds a dangling port will be removed. ;
+-------------+--------+----------+-------------------------------------------------------------------------------------+


+-----------------------------------------------------+
; Post-Synthesis Netlist Statistics for Top Partition ;
+-----------------------+-----------------------------+
; Type                  ; Count                       ;
+-----------------------+-----------------------------+
; boundary_port         ; 23                          ;
; cycloneiii_ff         ; 177                         ;
;     CLR               ; 10                          ;
;     CLR SCLR          ; 56                          ;
;     ENA CLR           ; 4                           ;
;     SCLR              ; 64                          ;
;     plain             ; 43                          ;
; cycloneiii_lcell_comb ; 613                         ;
;     arith             ; 228                         ;
;         2 data inputs ; 132                         ;
;         3 data inputs ; 96                          ;
;     normal            ; 385                         ;
;         0 data inputs ; 30                          ;
;         1 data inputs ; 23                          ;
;         2 data inputs ; 160                         ;
;         3 data inputs ; 33                          ;
;         4 data inputs ; 139                         ;
;                       ;                             ;
; Max LUT depth         ; 11.90                       ;
; Average LUT depth     ; 6.74                        ;
+-----------------------+-----------------------------+


+-------------------------------+
; Elapsed Time Per Partition    ;
+----------------+--------------+
; Partition Name ; Elapsed Time ;
+----------------+--------------+
; Top            ; 00:00:04     ;
+----------------+--------------+


+-------------------------------+
; Analysis & Synthesis Messages ;
+-------------------------------+
Info: *******************************************************************
Info: Running Quartus II 64-Bit Analysis & Synthesis
    Info: Version 15.0.0 Build 145 04/22/2015 SJ Full Version
    Info: Processing started: Sun Nov 06 09:17:03 2016
Info: Command: quartus_map --read_settings_files=on --write_settings_files=off MyWatch_V1_0 -c MyWatch_V1_0
Info (11104): Parallel Compilation has detected 4 hyper-threaded processors. However, the extra hyper-threaded processors will not be used by default. Parallel Compilation will use 2 of the 2 physical processors detected instead.
Info (12021): Found 1 design units, including 1 entities, in source file source/numtoledpoint.v
    Info (12023): Found entity 1: NumToLEDPoint
Info (12021): Found 1 design units, including 1 entities, in source file source/numtolednopoint.v
    Info (12023): Found entity 1: NumToLEDNoPoint
Info (12021): Found 1 design units, including 1 entities, in source file source/div_f.v
    Info (12023): Found entity 1: div_f
Info (12021): Found 1 design units, including 1 entities, in source file source/div_f_1000hz.v
    Info (12023): Found entity 1: div_f_1000Hz
Info (12021): Found 1 design units, including 1 entities, in source file source/led_one.v
    Info (12023): Found entity 1: LED_One
Info (12021): Found 1 design units, including 1 entities, in source file source/div_f_100hz.v
    Info (12023): Found entity 1: div_f_100Hz
Info (12021): Found 1 design units, including 1 entities, in source file source/led_display.v
    Info (12023): Found entity 1: LED_Display
Info (12021): Found 1 design units, including 1 entities, in source file source/div_f_1hz.v
    Info (12023): Found entity 1: div_f_1Hz
Info (12021): Found 1 design units, including 1 entities, in source file source/counter60.v
    Info (12023): Found entity 1: counter60
Info (12021): Found 1 design units, including 1 entities, in source file source/counter24.v
    Info (12023): Found entity 1: counter24
Info (12021): Found 1 design units, including 1 entities, in source file source/mywatch_v1_0.v
    Info (12023): Found entity 1: MyWatch_V1_0
Info (12021): Found 1 design units, including 1 entities, in source file source/keyin_detect.v
    Info (12023): Found entity 1: keyin_detect
Info (12127): Elaborating entity "MyWatch_V1_0" for the top level hierarchy
Info (12128): Elaborating entity "div_f" for hierarchy "div_f:DIV_f_1"
Info (12128): Elaborating entity "div_f_1000Hz" for hierarchy "div_f_1000Hz:DIV_1000Hz_1"
Info (12128): Elaborating entity "div_f_100Hz" for hierarchy "div_f_100Hz:DIV_100Hz_1"
Info (12128): Elaborating entity "div_f_1Hz" for hierarchy "div_f_1Hz:DIV_1Hz_1"
Info (12128): Elaborating entity "keyin_detect" for hierarchy "keyin_detect:DETCET_KEY_U1"
Info (12128): Elaborating entity "counter60" for hierarchy "counter60:SECOND1"
Warning (10235): Verilog HDL Always Construct warning at counter60.v(16): variable "clk" is read inside the Always Construct but isn't in the Always Construct's Event Control
Warning (10235): Verilog HDL Always Construct warning at counter60.v(18): variable "clk" is read inside the Always Construct but isn't in the Always Construct's Event Control
Warning (10230): Verilog HDL assignment warning at counter60.v(32): truncated value with size 32 to match size of target (8)
Info (12128): Elaborating entity "counter24" for hierarchy "counter24:HOUR1"
Warning (10235): Verilog HDL Always Construct warning at counter24.v(17): variable "clk" is read inside the Always Construct but isn't in the Always Construct's Event Control
Warning (10235): Verilog HDL Always Construct warning at counter24.v(19): variable "clk" is read inside the Always Construct but isn't in the Always Construct's Event Control
Info (12128): Elaborating entity "LED_Display" for hierarchy "LED_Display:LED_SHOW1"
Warning (10230): Verilog HDL assignment warning at LED_Display.v(17): truncated value with size 32 to match size of target (4)
Warning (10230): Verilog HDL assignment warning at LED_Display.v(18): truncated value with size 32 to match size of target (4)
Warning (10230): Verilog HDL assignment warning at LED_Display.v(20): truncated value with size 32 to match size of target (4)
Warning (10230): Verilog HDL assignment warning at LED_Display.v(21): truncated value with size 32 to match size of target (4)
Warning (10230): Verilog HDL assignment warning at LED_Display.v(23): truncated value with size 32 to match size of target (4)
Warning (10230): Verilog HDL assignment warning at LED_Display.v(24): truncated value with size 32 to match size of target (4)
Warning (10230): Verilog HDL assignment warning at LED_Display.v(41): truncated value with size 32 to match size of target (4)
Info (12128): Elaborating entity "NumToLEDNoPoint" for hierarchy "LED_Display:LED_SHOW1|NumToLEDNoPoint:NTLED1"
Info (12128): Elaborating entity "NumToLEDPoint" for hierarchy "LED_Display:LED_SHOW1|NumToLEDPoint:NTLED2"
Warning (19016): Clock multiplexers are found and protected
    Warning (19017): Found clock multiplexer counter24:HOUR1|counter24_clk
    Warning (19017): Found clock multiplexer counter60:MINUTE1|counter60_clk
    Warning (19017): Found clock multiplexer counter60:SECOND1|counter60_clk
Info (278001): Inferred 6 megafunctions from design logic
    Info (278004): Inferred divider/modulo megafunction ("lpm_divide") from the following logic: "LED_Display:LED_SHOW1|Mod1"
    Info (278004): Inferred divider/modulo megafunction ("lpm_divide") from the following logic: "LED_Display:LED_SHOW1|Div2"
    Info (278004): Inferred divider/modulo megafunction ("lpm_divide") from the following logic: "LED_Display:LED_SHOW1|Mod2"
    Info (278004): Inferred divider/modulo megafunction ("lpm_divide") from the following logic: "LED_Display:LED_SHOW1|Div1"
    Info (278004): Inferred divider/modulo megafunction ("lpm_divide") from the following logic: "LED_Display:LED_SHOW1|Mod0"
    Info (278004): Inferred divider/modulo megafunction ("lpm_divide") from the following logic: "LED_Display:LED_SHOW1|Div0"
Info (12130): Elaborated megafunction instantiation "LED_Display:LED_SHOW1|lpm_divide:Mod1"
Info (12133): Instantiated megafunction "LED_Display:LED_SHOW1|lpm_divide:Mod1" with the following parameter:
    Info (12134): Parameter "LPM_WIDTHN" = "8"
    Info (12134): Parameter "LPM_WIDTHD" = "4"
    Info (12134): Parameter "LPM_NREPRESENTATION" = "UNSIGNED"
    Info (12134): Parameter "LPM_DREPRESENTATION" = "UNSIGNED"
Info (12021): Found 1 design units, including 1 entities, in source file db/lpm_divide_m9m.tdf
    Info (12023): Found entity 1: lpm_divide_m9m
Info (12021): Found 1 design units, including 1 entities, in source file db/sign_div_unsign_bkh.tdf
    Info (12023): Found entity 1: sign_div_unsign_bkh
Info (12021): Found 1 design units, including 1 entities, in source file db/alt_u_div_a4f.tdf
    Info (12023): Found entity 1: alt_u_div_a4f
Info (12021): Found 1 design units, including 1 entities, in source file db/add_sub_7pc.tdf
    Info (12023): Found entity 1: add_sub_7pc
Info (12021): Found 1 design units, including 1 entities, in source file db/add_sub_8pc.tdf
    Info (12023): Found entity 1: add_sub_8pc
Info (12130): Elaborated megafunction instantiation "LED_Display:LED_SHOW1|lpm_divide:Div2"
Info (12133): Instantiated megafunction "LED_Display:LED_SHOW1|lpm_divide:Div2" with the following parameter:
    Info (12134): Parameter "LPM_WIDTHN" = "8"
    Info (12134): Parameter "LPM_WIDTHD" = "4"
    Info (12134): Parameter "LPM_NREPRESENTATION" = "UNSIGNED"
    Info (12134): Parameter "LPM_DREPRESENTATION" = "UNSIGNED"
Info (12021): Found 1 design units, including 1 entities, in source file db/lpm_divide_jhm.tdf
    Info (12023): Found entity 1: lpm_divide_jhm
Info (286030): Timing-Driven Synthesis is running
Info (16010): Generating hard_block partition "hard_block:auto_generated_inst"
    Info (16011): Adding 0 node(s), including 0 DDIO, 0 PLL, 0 transceiver and 0 LCELL
Info (21057): Implemented 643 device resources after synthesis - the final resource count might be different
    Info (21058): Implemented 5 input pins
    Info (21059): Implemented 18 output pins
    Info (21061): Implemented 620 logic cells
Info: Quartus II 64-Bit Analysis & Synthesis was successful. 0 errors, 16 warnings
    Info: Peak virtual memory: 702 megabytes
    Info: Processing ended: Sun Nov 06 09:17:23 2016
    Info: Elapsed time: 00:00:20
    Info: Total CPU time (on all processors): 00:00:37


