Flow report for rx_module
Fri Nov 04 21:44:07 2016
Quartus II 64-Bit Version 15.0.0 Build 145 04/22/2015 SJ Full Version


---------------------
; Table of Contents ;
---------------------
  1. Legal Notice
  2. Flow Summary
  3. Flow Settings
  4. Flow Non-Default Global Settings
  5. Flow Elapsed Time
  6. Flow OS Summary
  7. Flow Log
  8. Flow Messages
  9. Flow Suppressed Messages



----------------
; Legal Notice ;
----------------
Copyright (C) 1991-2015 Altera Corporation. All rights reserved.
Your use of Altera Corporation's design tools, logic functions 
and other software and tools, and its AMPP partner logic 
functions, and any output files from any of the foregoing 
(including device programming or simulation files), and any 
associated documentation or information are expressly subject 
to the terms and conditions of the Altera Program License 
Subscription Agreement, the Altera Quartus II License Agreement,
the Altera MegaCore Function License Agreement, or other 
applicable license agreement, including, without limitation, 
that your use is for the sole purpose of programming logic 
devices manufactured by Altera and sold by Altera or its 
authorized distributors.  Please refer to the applicable 
agreement for further details.



+----------------------------------------------------------------------------------+
; Flow Summary                                                                     ;
+------------------------------------+---------------------------------------------+
; Flow Status                        ; Successful - Fri Nov 04 21:44:01 2016       ;
; Quartus II 64-Bit Version          ; 15.0.0 Build 145 04/22/2015 SJ Full Version ;
; Revision Name                      ; rx_module                                   ;
; Top-level Entity Name              ; rx_module_demo                              ;
; Family                             ; Cyclone IV E                                ;
; Device                             ; EP4CE6F17C8                                 ;
; Timing Models                      ; Final                                       ;
; Total logic elements               ; 133 / 6,272 ( 2 % )                         ;
;     Total combinational functions  ; 131 / 6,272 ( 2 % )                         ;
;     Dedicated logic registers      ; 83 / 6,272 ( 1 % )                          ;
; Total registers                    ; 83                                          ;
; Total pins                         ; 17 / 180 ( 9 % )                            ;
; Total virtual pins                 ; 0                                           ;
; Total memory bits                  ; 0 / 276,480 ( 0 % )                         ;
; Embedded Multiplier 9-bit elements ; 0 / 30 ( 0 % )                              ;
; Total PLLs                         ; 0 / 2 ( 0 % )                               ;
+------------------------------------+---------------------------------------------+


+-----------------------------------------+
; Flow Settings                           ;
+-------------------+---------------------+
; Option            ; Setting             ;
+-------------------+---------------------+
; Start date & time ; 11/04/2016 21:43:25 ;
; Main task         ; Compilation         ;
; Revision Name     ; rx_module           ;
+-------------------+---------------------+


+---------------------------------------------------------------------------------------------------------------------------+
; Flow Non-Default Global Settings                                                                                          ;
+-------------------------------------+---------------------------------------+---------------+----------------+------------+
; Assignment Name                     ; Value                                 ; Default Value ; Entity Name    ; Section Id ;
+-------------------------------------+---------------------------------------+---------------+----------------+------------+
; COMPILER_SIGNATURE_ID               ; 44883549107382.147826700411884        ; --            ; --             ; --         ;
; MAX_CORE_JUNCTION_TEMP              ; 85                                    ; --            ; --             ; --         ;
; MIN_CORE_JUNCTION_TEMP              ; 0                                     ; --            ; --             ; --         ;
; OUTPUT_IO_TIMING_FAR_END_VMEAS      ; Half Signal Swing                     ; --            ; --             ; --         ;
; OUTPUT_IO_TIMING_FAR_END_VMEAS      ; Half Signal Swing                     ; --            ; --             ; --         ;
; OUTPUT_IO_TIMING_NEAR_END_VMEAS     ; Half Vccio                            ; --            ; --             ; --         ;
; OUTPUT_IO_TIMING_NEAR_END_VMEAS     ; Half Vccio                            ; --            ; --             ; --         ;
; PARTITION_COLOR                     ; 16764057                              ; --            ; rx_module_demo ; Top        ;
; PARTITION_FITTER_PRESERVATION_LEVEL ; PLACEMENT_AND_ROUTING                 ; --            ; rx_module_demo ; Top        ;
; PARTITION_NETLIST_TYPE              ; SOURCE                                ; --            ; rx_module_demo ; Top        ;
; POWER_BOARD_THERMAL_MODEL           ; None (CONSERVATIVE)                   ; --            ; --             ; --         ;
; POWER_PRESET_COOLING_SOLUTION       ; 23 MM HEAT SINK WITH 200 LFPM AIRFLOW ; --            ; --             ; --         ;
; TOP_LEVEL_ENTITY                    ; rx_module_demo                        ; rx_module     ; --             ; --         ;
+-------------------------------------+---------------------------------------+---------------+----------------+------------+


+-------------------------------------------------------------------------------------------------------------------------------+
; Flow Elapsed Time                                                                                                             ;
+---------------------------+--------------+-------------------------+---------------------+------------------------------------+
; Module Name               ; Elapsed Time ; Average Processors Used ; Peak Virtual Memory ; Total CPU Time (on all processors) ;
+---------------------------+--------------+-------------------------+---------------------+------------------------------------+
; Analysis & Synthesis      ; 00:00:21     ; 1.0                     ; 690 MB              ; 00:00:45                           ;
; Fitter                    ; 00:00:08     ; 1.1                     ; 1248 MB             ; 00:00:09                           ;
; Assembler                 ; 00:00:02     ; 1.0                     ; 632 MB              ; 00:00:02                           ;
; TimeQuest Timing Analyzer ; 00:00:03     ; 1.0                     ; 713 MB              ; 00:00:03                           ;
; Total                     ; 00:00:34     ; --                      ; --                  ; 00:00:59                           ;
+---------------------------+--------------+-------------------------+---------------------+------------------------------------+


+----------------------------------------------------------------------------------------+
; Flow OS Summary                                                                        ;
+---------------------------+------------------+-----------+------------+----------------+
; Module Name               ; Machine Hostname ; OS Name   ; OS Version ; Processor type ;
+---------------------------+------------------+-----------+------------+----------------+
; Analysis & Synthesis      ; idea-PC          ; Windows 7 ; 6.2        ; x86_64         ;
; Fitter                    ; idea-PC          ; Windows 7 ; 6.2        ; x86_64         ;
; Assembler                 ; idea-PC          ; Windows 7 ; 6.2        ; x86_64         ;
; TimeQuest Timing Analyzer ; idea-PC          ; Windows 7 ; 6.2        ; x86_64         ;
+---------------------------+------------------+-----------+------------+----------------+


------------
; Flow Log ;
------------
quartus_map --read_settings_files=on --write_settings_files=off rx_module -c rx_module
quartus_fit --read_settings_files=off --write_settings_files=off rx_module -c rx_module
quartus_asm --read_settings_files=off --write_settings_files=off rx_module -c rx_module
quartus_sta rx_module -c rx_module



