Flow report for vga_module_pic
Thu May 08 17:42:45 2014
Quartus II 64-Bit Version 11.0 Build 208 07/03/2011 Service Pack 1 SJ Full Version


---------------------
; Table of Contents ;
---------------------
  1. Legal Notice
  2. Flow Summary
  3. Flow Settings
  4. Flow Non-Default Global Settings
  5. Flow Elapsed Time
  6. Flow OS Summary
  7. Flow Log



----------------
; Legal Notice ;
----------------
Copyright (C) 1991-2011 Altera Corporation
Your use of Altera Corporation's design tools, logic functions 
and other software and tools, and its AMPP partner logic 
functions, and any output files from any of the foregoing 
(including device programming or simulation files), and any 
associated documentation or information are expressly subject 
to the terms and conditions of the Altera Program License 
Subscription Agreement, Altera MegaCore Function License 
Agreement, or other applicable license agreement, including, 
without limitation, that your use is for the sole purpose of 
programming logic devices manufactured by Altera and sold by 
Altera or its authorized distributors.  Please refer to the 
applicable agreement for further details.



+-------------------------------------------------------------------------------------+
; Flow Summary                                                                        ;
+------------------------------------+------------------------------------------------+
; Flow Status                        ; Successful - Thu May 08 17:42:44 2014          ;
; Quartus II 64-Bit Version          ; 11.0 Build 208 07/03/2011 SP 1 SJ Full Version ;
; Revision Name                      ; vga_module_pic                                 ;
; Top-level Entity Name              ; vga_module                                     ;
; Family                             ; Cyclone IV E                                   ;
; Device                             ; EP4CE6F17C8                                    ;
; Timing Models                      ; Final                                          ;
; Total logic elements               ; 213 / 6,272 ( 3 % )                            ;
;     Total combinational functions  ; 213 / 6,272 ( 3 % )                            ;
;     Dedicated logic registers      ; 35 / 6,272 ( < 1 % )                           ;
; Total registers                    ; 35                                             ;
; Total pins                         ; 7 / 180 ( 4 % )                                ;
; Total virtual pins                 ; 0                                              ;
; Total memory bits                  ; 12,288 / 276,480 ( 4 % )                       ;
; Embedded Multiplier 9-bit elements ; 0 / 30 ( 0 % )                                 ;
; Total PLLs                         ; 1 / 2 ( 50 % )                                 ;
+------------------------------------+------------------------------------------------+


+-----------------------------------------+
; Flow Settings                           ;
+-------------------+---------------------+
; Option            ; Setting             ;
+-------------------+---------------------+
; Start date & time ; 05/08/2014 17:42:35 ;
; Main task         ; Compilation         ;
; Revision Name     ; vga_module_pic      ;
+-------------------+---------------------+


+-------------------------------------------------------------------------------------------------------------------------+
; Flow Non-Default Global Settings                                                                                        ;
+-------------------------------------+---------------------------------------+----------------+-------------+------------+
; Assignment Name                     ; Value                                 ; Default Value  ; Entity Name ; Section Id ;
+-------------------------------------+---------------------------------------+----------------+-------------+------------+
; COMPILER_SIGNATURE_ID               ; 92378941942426.139954215510464        ; --             ; --          ; --         ;
; IP_TOOL_NAME                        ; ROM: 1-PORT                           ; --             ; --          ; --         ;
; IP_TOOL_NAME                        ; ROM: 1-PORT                           ; --             ; --          ; --         ;
; IP_TOOL_NAME                        ; ROM: 1-PORT                           ; --             ; --          ; --         ;
; IP_TOOL_VERSION                     ; 11.0                                  ; --             ; --          ; --         ;
; IP_TOOL_VERSION                     ; 11.0                                  ; --             ; --          ; --         ;
; IP_TOOL_VERSION                     ; 11.0                                  ; --             ; --          ; --         ;
; MAX_CORE_JUNCTION_TEMP              ; 85                                    ; --             ; --          ; --         ;
; MIN_CORE_JUNCTION_TEMP              ; 0                                     ; --             ; --          ; --         ;
; MISC_FILE                           ; source/blue_rom_module_bb.v           ; --             ; --          ; --         ;
; MISC_FILE                           ; source/green_rom_module_bb.v          ; --             ; --          ; --         ;
; MISC_FILE                           ; source/red_rom_module_bb.v            ; --             ; --          ; --         ;
; OUTPUT_IO_TIMING_FAR_END_VMEAS      ; Half Signal Swing                     ; --             ; --          ; --         ;
; OUTPUT_IO_TIMING_FAR_END_VMEAS      ; Half Signal Swing                     ; --             ; --          ; --         ;
; OUTPUT_IO_TIMING_NEAR_END_VMEAS     ; Half Vccio                            ; --             ; --          ; --         ;
; OUTPUT_IO_TIMING_NEAR_END_VMEAS     ; Half Vccio                            ; --             ; --          ; --         ;
; PARTITION_COLOR                     ; 16764057                              ; --             ; vga_module  ; Top        ;
; PARTITION_FITTER_PRESERVATION_LEVEL ; PLACEMENT_AND_ROUTING                 ; --             ; vga_module  ; Top        ;
; PARTITION_NETLIST_TYPE              ; SOURCE                                ; --             ; vga_module  ; Top        ;
; POWER_BOARD_THERMAL_MODEL           ; None (CONSERVATIVE)                   ; --             ; --          ; --         ;
; POWER_PRESET_COOLING_SOLUTION       ; 23 MM HEAT SINK WITH 200 LFPM AIRFLOW ; --             ; --          ; --         ;
; TOP_LEVEL_ENTITY                    ; vga_module                            ; vga_module_pic ; --          ; --         ;
+-------------------------------------+---------------------------------------+----------------+-------------+------------+


+-------------------------------------------------------------------------------------------------------------------------------+
; Flow Elapsed Time                                                                                                             ;
+---------------------------+--------------+-------------------------+---------------------+------------------------------------+
; Module Name               ; Elapsed Time ; Average Processors Used ; Peak Virtual Memory ; Total CPU Time (on all processors) ;
+---------------------------+--------------+-------------------------+---------------------+------------------------------------+
; Analysis & Synthesis      ; 00:00:03     ; 1.0                     ; 353 MB              ; 00:00:03                           ;
; Fitter                    ; 00:00:03     ; 1.0                     ; 518 MB              ; 00:00:03                           ;
; Assembler                 ; 00:00:01     ; 1.0                     ; 312 MB              ; 00:00:01                           ;
; TimeQuest Timing Analyzer ; 00:00:02     ; 1.0                     ; 372 MB              ; 00:00:02                           ;
; Total                     ; 00:00:09     ; --                      ; --                  ; 00:00:09                           ;
+---------------------------+--------------+-------------------------+---------------------+------------------------------------+


+----------------------------------------------------------------------------------------+
; Flow OS Summary                                                                        ;
+---------------------------+------------------+-----------+------------+----------------+
; Module Name               ; Machine Hostname ; OS Name   ; OS Version ; Processor type ;
+---------------------------+------------------+-----------+------------+----------------+
; Analysis & Synthesis      ; avic-PC          ; Windows 7 ; 6.1        ; x86_64         ;
; Fitter                    ; avic-PC          ; Windows 7 ; 6.1        ; x86_64         ;
; Assembler                 ; avic-PC          ; Windows 7 ; 6.1        ; x86_64         ;
; TimeQuest Timing Analyzer ; avic-PC          ; Windows 7 ; 6.1        ; x86_64         ;
+---------------------------+------------------+-----------+------------+----------------+


------------
; Flow Log ;
------------
quartus_map --read_settings_files=on --write_settings_files=off vga_module_pic -c vga_module_pic
quartus_fit --read_settings_files=off --write_settings_files=off vga_module_pic -c vga_module_pic
quartus_asm --read_settings_files=off --write_settings_files=off vga_module_pic -c vga_module_pic
quartus_sta vga_module_pic -c vga_module_pic



